Build started 23.4.2016 г. 00:18:49 ч..
     1>Project "C:\Users\PC\Documents\GitHub\Carshop\AutoPartManager\MFCApplication3\MFCApplication3\MFCApplication3.vcxproj" on node 2 (Build target(s)).
     1>ClCompile:
         C:\Program Files (x86)\Microsoft Visual Studio 11.0\VC\bin\CL.exe /c /ZI /nologo /W3 /WX- /sdl /Od /Oy- /D WIN32 /D _WINDOWS /D _DEBUG /D _UNICODE /D UNICODE /D _AFXDLL /Gm /EHsc /RTC1 /MDd /GS /fp:precise /Zc:wchar_t /Zc:forScope /Yu"stdafx.h" /Fp"Debug\MFCApplication3.pch" /Fo"Debug\\" /Fd"Debug\vc110.pdb" /Gd /TP /analyze- /errorReport:prompt MFCApplication3.cpp MFCApplication3Doc.cpp MFCApplication3Set.cpp MFCApplication3View.cpp
         MFCApplication3View.cpp
         MFCApplication3Set.cpp
         MFCApplication3Doc.cpp
         MFCApplication3.cpp
         Generating Code...
       ResourceCompile:
         C:\Program Files (x86)\Windows Kits\8.0\bin\x86\rc.exe /D _DEBUG /D _UNICODE /D UNICODE /D _AFXDLL /l"0x0409" /IDebug\ /nologo /fo"Debug\MFCApplication3.res" MFCApplication3.rc 
       Link:
         C:\Program Files (x86)\Microsoft Visual Studio 11.0\VC\bin\link.exe /ERRORREPORT:PROMPT /OUT:"C:\Users\PC\Documents\GitHub\Carshop\AutoPartManager\MFCApplication3\Debug\MFCApplication3.exe" /INCREMENTAL /NOLOGO msdasc.lib /MANIFEST /MANIFESTUAC:"level='asInvoker' uiAccess='false'" /manifest:embed /manifestinput:"C:\Program Files (x86)\Microsoft Visual Studio 11.0\VC\Include\Manifest\dpiaware.manifest" /DEBUG /PDB:"C:\Users\PC\Documents\GitHub\Carshop\AutoPartManager\MFCApplication3\Debug\MFCApplication3.pdb" /SUBSYSTEM:WINDOWS /TLBID:1 /ENTRY:"wWinMainCRTStartup" /DYNAMICBASE /NXCOMPAT /IMPLIB:"C:\Users\PC\Documents\GitHub\Carshop\AutoPartManager\MFCApplication3\Debug\MFCApplication3.lib" /MACHINE:X86 Debug\MFCApplication3.res
         Debug\ClassView.obj
         Debug\FileView.obj
         Debug\MainFrm.obj
         Debug\MFCApplication3.obj
         Debug\MFCApplication3Doc.obj
         Debug\MFCApplication3Set.obj
         Debug\MFCApplication3View.obj
         Debug\OutputWnd.obj
         Debug\PropertiesWnd.obj
         Debug\stdafx.obj
         Debug\ViewTree.obj
         MFCApplication3.vcxproj -> C:\Users\PC\Documents\GitHub\Carshop\AutoPartManager\MFCApplication3\Debug\MFCApplication3.exe
     1>Done Building Project "C:\Users\PC\Documents\GitHub\Carshop\AutoPartManager\MFCApplication3\MFCApplication3\MFCApplication3.vcxproj" (Build target(s)).

Build succeeded.

Time Elapsed 00:00:13.94
