2016-02-13 13:44:29,info,Service,Starting Service
2016-02-13 13:44:29,info,Service,Updater start
2016-02-13 13:44:29,info,Service,Updater started
2016-02-13 13:44:29,info,Service,Trying to start WCF
2016-02-13 13:44:29,info,Service,WCF Service starting
2016-02-13 13:44:29,info,Service,WCF Service started
2016-02-13 13:44:29,info,Service,Part info working
2016-02-13 13:44:29,info,Service,Finished starting parts info 
2016-02-13 13:44:30,info,Service,Crawler starting
2016-02-13 13:44:30,info,Service,Crawler started
2016-02-13 13:44:30,info,Service,Part info trying to start
2016-02-13 13:44:30,info,Parts,Part Crawler class created
2016-02-13 13:44:30,info,Service,Starting WIndows Serivce
2016-02-13 13:44:30,info,Service,Opened WcfParts 
2016-02-13 13:44:57,info,Parts,Getting partshttp://www.avto.bim.bg/Amortisior-za-bagajnik-lqv=desen-za-ALFA-ROMEO-145-ot-1995-do-1998_p49556m1.html
2016-02-13 13:45:06,info,Parts,Getting partshttp://www.avto.bim.bg/Amortisior-za-bagajnik-lqv=desen-za-ALFA-ROMEO-145-ot-1995-do-1998_p49556m1.html
2016-02-13 13:45:08,info,Parts,Getting partshttp://www.avto.bim.bg/Amortisior-za-bagajnik-lqv=desen-za-ALFA-ROMEO-145-ot-1995-do-1998_p49560m1.html
2016-02-13 13:45:09,info,Parts,Getting partshttp://www.avto.bim.bg/Bronq-zadna-originalna-za-ALFA-ROMEO-145-ot-1995-do-1998_p3m1.html
2016-02-13 13:45:10,info,Parts,Getting partshttp://www.avto.bim.bg/Bronq-predna-grund-s-dupki-za-halogeni-za-ALFA-ROMEO-145-ot-1995-do-1998_p2m1.html
2016-02-13 13:45:10,info,Parts,Getting partshttp://www.avto.bim.bg/Bronq-predna-s-dupki-za-halogeni-za-ALFA-ROMEO-145-ot-1995-do-1998_p1m1.html
2016-02-13 13:45:11,info,Parts,Getting partshttp://www.avto.bim.bg/Voden-radiator-BN1722FT-razmer-560-375-32-za-ALFA-ROMEO-145-ot-1995-do-1998_p31031m1.html
2016-02-13 13:45:12,info,Parts,Getting partshttp://www.avto.bim.bg/Voden-radiator-BN1750AF-razmer-560-380-33-za-ALFA-ROMEO-145-ot-1995-do-1998_p31059m1.html
2016-02-13 13:45:12,info,Parts,Getting partshttp://www.avto.bim.bg/Voden-radiator-BN1751AF-razmer-545-380-33-za-ALFA-ROMEO-145-ot-1995-do-1998_p31060m1.html
2016-02-13 13:45:13,info,Parts,Getting partshttp://www.avto.bim.bg/Voden-radiator-BN1753AF-razmer-545-360-22-za-ALFA-ROMEO-145-ot-1995-do-1998_p31062m1.html
2016-02-13 13:45:13,info,Parts,Getting partshttp://www.avto.bim.bg/Voden-radiator-BN1760AF-razmer-555-365-24-za-ALFA-ROMEO-145-ot-1995-do-1998_p31069m1.html
2016-02-13 13:45:14,info,Parts,Getting partshttp://www.avto.bim.bg/Voden-radiator-BN1761AF-razmer-545-360-34-za-ALFA-ROMEO-145-ot-1995-do-1998_p31070m1.html
2016-02-13 13:45:14,info,Parts,Getting partshttp://www.avto.bim.bg/Vuzdushen-filter-Filtron-za-ALFA-ROMEO-145-ot-1995-do-1998_p54189m1.html
2016-02-13 13:45:15,info,Parts,Getting partshttp://www.avto.bim.bg/Gaiki-universalni-25br-za-ALFA-ROMEO-145-ot-1995-do-1998_p44923m1.html
2016-02-13 13:45:16,info,Parts,Getting partshttp://www.avto.bim.bg/Goriven-filtur-za-ALFA-ROMEO-145-ot-1995-do-1998_p43888m1.html
2016-02-13 13:45:17,info,Parts,Getting partshttp://www.avto.bim.bg/Goriven-filtur-za-ALFA-ROMEO-145-ot-1995-do-1998_p60864m1.html
2016-02-13 13:45:17,info,Parts,Getting partshttp://www.avto.bim.bg/Amortisior-za-bagajnik-lqv=desen-za-ALFA-ROMEO-145-ot-1995-do-1998_p49556m1.html
2016-02-13 13:45:18,info,Parts,Getting partshttp://www.avto.bim.bg/Amortisior-za-bagajnik-lqv=desen-za-ALFA-ROMEO-145-ot-1995-do-1998_p49560m1.html
2016-02-13 13:45:18,info,Parts,Getting partshttp://www.avto.bim.bg/Bronq-zadna-originalna-za-ALFA-ROMEO-145-ot-1995-do-1998_p3m1.html
2016-02-13 13:45:19,info,Parts,Getting partshttp://www.avto.bim.bg/Bronq-predna-grund-s-dupki-za-halogeni-za-ALFA-ROMEO-145-ot-1995-do-1998_p2m1.html
2016-02-13 13:45:19,info,Parts,Getting partshttp://www.avto.bim.bg/Bronq-predna-s-dupki-za-halogeni-za-ALFA-ROMEO-145-ot-1995-do-1998_p1m1.html
2016-02-13 13:45:20,info,Parts,Getting partshttp://www.avto.bim.bg/Voden-radiator-BN1722FT-razmer-560-375-32-za-ALFA-ROMEO-145-ot-1995-do-1998_p31031m1.html
2016-02-13 13:45:20,info,Parts,Getting partshttp://www.avto.bim.bg/Voden-radiator-BN1750AF-razmer-560-380-33-za-ALFA-ROMEO-145-ot-1995-do-1998_p31059m1.html
2016-02-13 13:45:21,info,Parts,Getting partshttp://www.avto.bim.bg/Voden-radiator-BN1751AF-razmer-545-380-33-za-ALFA-ROMEO-145-ot-1995-do-1998_p31060m1.html
2016-02-13 13:45:22,info,Parts,Getting partshttp://www.avto.bim.bg/Voden-radiator-BN1753AF-razmer-545-360-22-za-ALFA-ROMEO-145-ot-1995-do-1998_p31062m1.html
2016-02-13 13:45:23,info,Parts,Getting partshttp://www.avto.bim.bg/Voden-radiator-BN1760AF-razmer-555-365-24-za-ALFA-ROMEO-145-ot-1995-do-1998_p31069m1.html
2016-02-13 13:45:24,info,Parts,Getting partshttp://www.avto.bim.bg/Voden-radiator-BN1761AF-razmer-545-360-34-za-ALFA-ROMEO-145-ot-1995-do-1998_p31070m1.html
2016-02-13 13:45:25,info,Parts,Getting partshttp://www.avto.bim.bg/Vuzdushen-filter-Filtron-za-ALFA-ROMEO-145-ot-1995-do-1998_p54189m1.html
2016-02-13 13:45:25,info,Parts,Getting partshttp://www.avto.bim.bg/Gaiki-universalni-25br-za-ALFA-ROMEO-145-ot-1995-do-1998_p44923m1.html
2016-02-13 13:45:26,info,Parts,Getting partshttp://www.avto.bim.bg/Goriven-filtur-za-ALFA-ROMEO-145-ot-1995-do-1998_p43888m1.html
2016-02-13 13:45:27,info,Parts,Getting partshttp://www.avto.bim.bg/Goriven-filtur-za-ALFA-ROMEO-145-ot-1995-do-1998_p60864m1.html
2016-02-13 13:45:28,info,Parts,Getting partshttp://www.avto.bim.bg/Goriven-filtur-Filtron-za-ALFA-ROMEO-145-ot-1995-do-1998_p45736m1.html
2016-02-13 13:45:30,info,Parts,Getting partshttp://www.avto.bim.bg/Goriven-filtur-Filtron-za-ALFA-ROMEO-145-ot-1995-do-1998_p46641m1.html
2016-02-13 13:45:30,info,Parts,Getting partshttp://www.avto.bim.bg/Gofrirana-truba-za-sporten-filtur-30sm-90sm-za-ALFA-ROMEO-145-ot-1995-do-1998_p43033m1.html
2016-02-13 13:45:31,info,Parts,Getting partshttp://www.avto.bim.bg/Gumen-tampon-za-omeknali-prujini-universalen-za-ALFA-ROMEO-145-ot-1995-do-1998_p54919m1.html
2016-02-13 13:45:33,info,Parts,Getting partshttp://www.avto.bim.bg/Gumichki-za-klapani-VICTOR-REINZ-za-ALFA-ROMEO-145-ot-1995-do-1998_p48136m1.html
2016-02-13 13:45:33,info,Parts,Getting partshttp://www.avto.bim.bg/Datchik-za-radiator-TS1110-za-ALFA-ROMEO-145-ot-1995-do-1998_p58200m1.html
2016-02-13 13:45:34,info,Parts,Getting partshttp://www.avto.bim.bg/Datchik-kolqnov-val-EPS-za-ALFA-ROMEO-145-ot-1995-do-1998_p55147m1.html
2016-02-13 13:45:35,info,Parts,Getting partshttp://www.avto.bim.bg/Kalnik-preden-desen-s-dupka-za-ALFA-ROMEO-145-ot-1995-do-1998_p5m1.html
2016-02-13 13:45:37,info,Parts,Getting partshttp://www.avto.bim.bg/Kalnik-preden-lqv-s-dupka-za-ALFA-ROMEO-145-ot-1995-do-1998_p6m1.html
2016-02-13 13:45:38,info,Parts,Getting partshttp://www.avto.bim.bg/Kapak-preden-za-ALFA-ROMEO-145-ot-1995-do-1998_p7m1.html
2016-02-13 13:45:39,info,Parts,Getting partshttp://www.avto.bim.bg/Kapachka-za-razshiritelen-sud-za-ALFA-ROMEO-145-ot-1995-do-1998_p42753m1.html
2016-02-13 13:45:40,info,Parts,Getting partshttp://www.avto.bim.bg/Kapachka-za-razshiritelen-sud-universalna-14bar-20psi-za-ALFA-ROMEO-145-ot-1995-do-1998_p43022m1.html
2016-02-13 13:45:41,info,Parts,Getting partshttp://www.avto.bim.bg/Kapachka-za-rezervoar-s-kliuchove-ot-1995-do-1998-za-ALFA-ROMEO-145-ot-1995-do-1998_p53041m1.html
2016-02-13 13:45:43,info,Parts,Getting partshttp://www.avto.bim.bg/Klimatichen-radiator-BN7379FT-razmer-480-350-24-za-ALFA-ROMEO-145-ot-1995-do-1998_p32651m1.html
2016-02-13 13:45:44,info,Parts,Getting partshttp://www.avto.bim.bg/Klimatichen-radiator-BN7380AF-razmer-545-350-23-za-ALFA-ROMEO-145-ot-1995-do-1998_p32652m1.html
2016-02-13 13:45:45,info,Parts,Getting partshttp://www.avto.bim.bg/Konektor-za-trubi-10X10X10-MM-za-ALFA-ROMEO-145-ot-1995-do-1998_p55636m1.html
2016-02-13 13:45:46,info,Parts,Getting partshttp://www.avto.bim.bg/Konektor-za-trubi-10X10X10X10-MM-za-ALFA-ROMEO-145-ot-1995-do-1998_p55637m1.html
2016-02-13 13:45:46,info,Parts,Getting partshttp://www.avto.bim.bg/Konektor-za-trubi-10X10X14-MM-za-ALFA-ROMEO-145-ot-1995-do-1998_p55635m1.html
2016-02-13 13:45:47,info,Parts,Getting partshttp://www.avto.bim.bg/Konektor-za-trubi-10x14x10mm-za-ALFA-ROMEO-145-ot-1995-do-1998_p53304m1.html
2016-02-13 13:45:48,info,Parts,Getting partshttp://www.avto.bim.bg/Konektor-za-trubi-10x16x10mm-za-ALFA-ROMEO-145-ot-1995-do-1998_p53334m1.html
2016-02-13 13:45:49,info,Parts,Getting partshttp://www.avto.bim.bg/Konektor-za-trubi-12x16x12mm-za-ALFA-ROMEO-145-ot-1995-do-1998_p53338m1.html
2016-02-13 13:45:50,info,Parts,Getting partshttp://www.avto.bim.bg/Konektor-za-trubi-12x6x12mm-za-ALFA-ROMEO-145-ot-1995-do-1998_p53337m1.html
2016-02-13 13:45:51,info,Parts,Getting partshttp://www.avto.bim.bg/Konektor-za-trubi-12x8x12mm-za-ALFA-ROMEO-145-ot-1995-do-1998_p53416m1.html
2016-02-13 13:45:52,info,Parts,Getting partshttp://www.avto.bim.bg/Konektor-za-trubi-14x10x14mm-za-ALFA-ROMEO-145-ot-1995-do-1998_p53339m1.html
2016-02-13 13:45:53,info,Parts,Getting partshttp://www.avto.bim.bg/Konektor-za-trubi-14X14X14-MM-za-ALFA-ROMEO-145-ot-1995-do-1998_p55638m1.html
2016-02-13 13:45:54,info,Parts,Getting partshttp://www.avto.bim.bg/Konektor-za-trubi-14x16x14mm-za-ALFA-ROMEO-145-ot-1995-do-1998_p53301m1.html
2016-02-13 13:45:55,info,Parts,Getting partshttp://www.avto.bim.bg/Konektor-za-trubi-14x8x14mm-za-ALFA-ROMEO-145-ot-1995-do-1998_p53305m1.html
2016-02-13 13:45:56,info,Parts,Getting partshttp://www.avto.bim.bg/Konektor-za-trubi-16x10x16mm-za-ALFA-ROMEO-145-ot-1995-do-1998_p53302m1.html
2016-02-13 13:45:57,info,Parts,Getting partshttp://www.avto.bim.bg/Konektor-za-trubi-16x10mm-za-ALFA-ROMEO-145-ot-1995-do-1998_p53303m1.html
2016-02-13 13:45:57,info,Parts,Getting partshttp://www.avto.bim.bg/Konektor-za-trubi-16x16mm-za-ALFA-ROMEO-145-ot-1995-do-1998_p55031m1.html
2016-02-13 13:45:59,info,Parts,Getting partshttp://www.avto.bim.bg/Konektor-za-trubi-16X16X16X16-MM-za-ALFA-ROMEO-145-ot-1995-do-1998_p55622m1.html
2016-02-13 13:46:00,info,Parts,Getting partshttp://www.avto.bim.bg/Konektor-za-trubi-18x16mm-za-ALFA-ROMEO-145-ot-1995-do-1998_p53294m1.html
2016-02-13 13:46:01,info,Parts,Getting partshttp://www.avto.bim.bg/Konektor-za-trubi-20x16mm-za-ALFA-ROMEO-145-ot-1995-do-1998_p53295m1.html
2016-02-13 13:46:02,info,Parts,Getting partshttp://www.avto.bim.bg/Konektor-za-trubi-20x20x20mm-za-ALFA-ROMEO-145-ot-1995-do-1998_p54556m1.html
2016-02-13 13:46:03,info,Parts,Getting partshttp://www.avto.bim.bg/Konektor-za-trubi-22x18mm-za-ALFA-ROMEO-145-ot-1995-do-1998_p53296m1.html
2016-02-13 13:46:04,info,Parts,Getting partshttp://www.avto.bim.bg/Konektor-za-trubi-22x20mm-za-ALFA-ROMEO-145-ot-1995-do-1998_p53297m1.html
2016-02-13 13:46:05,info,Parts,Getting partshttp://www.avto.bim.bg/Konektor-za-trubi-25x18mm-za-ALFA-ROMEO-145-ot-1995-do-1998_p53300m1.html
2016-02-13 13:46:05,info,Parts,Getting partshttp://www.avto.bim.bg/Konektor-za-trubi-5X5X5X5-MM-za-ALFA-ROMEO-145-ot-1995-do-1998_p55632m1.html
2016-02-13 13:46:07,info,Parts,Getting partshttp://www.avto.bim.bg/Konektor-za-trubi-6x12x6mm-za-ALFA-ROMEO-145-ot-1995-do-1998_p53336m1.html
2016-02-13 13:46:08,info,Parts,Getting partshttp://www.avto.bim.bg/Konektor-za-trubi-6X6X10-MM-za-ALFA-ROMEO-145-ot-1995-do-1998_p55625m1.html
2016-02-13 13:46:10,info,Parts,Getting partshttp://www.avto.bim.bg/Konektor-za-trubi-6X6X12-MM-za-ALFA-ROMEO-145-ot-1995-do-1998_p55626m1.html
2016-02-13 13:46:12,info,Parts,Getting partshttp://www.avto.bim.bg/Konektor-za-trubi-6X6X6X6-MM-za-ALFA-ROMEO-145-ot-1995-do-1998_p55631m1.html
2016-02-13 13:46:13,info,Parts,Getting partshttp://www.avto.bim.bg/Konektor-za-trubi-6x6x6mm-za-ALFA-ROMEO-145-ot-1995-do-1998_p54555m1.html
2016-02-13 13:46:15,info,Parts,Getting partshttp://www.avto.bim.bg/Konektor-za-trubi-6X6X8-MM-za-ALFA-ROMEO-145-ot-1995-do-1998_p55634m1.html
2016-02-13 13:46:16,info,Parts,Getting partshttp://www.avto.bim.bg/Konektor-za-trubi-6x6mm-za-ALFA-ROMEO-145-ot-1995-do-1998_p54557m1.html
2016-02-13 13:46:17,info,Parts,Getting partshttp://www.avto.bim.bg/Konektor-za-trubi-6x8x6mm-za-ALFA-ROMEO-145-ot-1995-do-1998_p53417m1.html
2016-02-13 13:46:18,info,Parts,Getting partshttp://www.avto.bim.bg/Konektor-za-trubi-8x16x8mm-za-ALFA-ROMEO-145-ot-1995-do-1998_p53299m1.html
2016-02-13 13:46:19,info,Parts,Getting partshttp://www.avto.bim.bg/Konektor-za-trubi-8X8X10-MM-za-ALFA-ROMEO-145-ot-1995-do-1998_p55629m1.html
2016-02-13 13:46:20,info,Parts,Getting partshttp://www.avto.bim.bg/Konektor-za-trubi-8X8X12-MM-za-ALFA-ROMEO-145-ot-1995-do-1998_p55628m1.html
2016-02-13 13:46:21,info,Parts,Getting partshttp://www.avto.bim.bg/Konektor-za-trubi-8X8X14-MM-za-ALFA-ROMEO-145-ot-1995-do-1998_p55630m1.html
2016-02-13 13:46:21,info,Parts,Getting partshttp://www.avto.bim.bg/Konektor-za-trubi-8X8X8-MM-za-ALFA-ROMEO-145-ot-1995-do-1998_p55561m1.html
2016-02-13 13:46:23,info,Parts,Getting partshttp://www.avto.bim.bg/Kora-pod-dvigatel-za-ALFA-ROMEO-145-ot-1995-do-1998_p42368m1.html
2016-02-13 13:46:24,info,Parts,Getting partshttp://www.avto.bim.bg/Krepej-durjach-stelka-original-VW-AUDI-za-ALFA-ROMEO-145-ot-1995-do-1998_p58204m1.html
2016-02-13 13:46:25,info,Parts,Getting partshttp://www.avto.bim.bg/Krepej-za-shtekata-na-predniq-kapak-1br-za-ALFA-ROMEO-145-ot-1995-do-1998_p53318m1.html
2016-02-13 13:46:26,info,Parts,Getting partshttp://www.avto.bim.bg/Krepej-za-shtekata-na-predniq-kapak-1br-za-ALFA-ROMEO-145-ot-1995-do-1998_p53320m1.html
2016-02-13 13:46:27,info,Parts,Getting partshttp://www.avto.bim.bg/Krepej-za-shtekata-na-predniq-kapak-1br-za-ALFA-ROMEO-145-ot-1995-do-1998_p53322m1.html
2016-02-13 13:46:27,info,Parts,Getting partshttp://www.avto.bim.bg/Krepej-za-shtekata-na-predniq-kapak-1br-za-ALFA-ROMEO-145-ot-1995-do-1998_p53323m1.html
2016-02-13 13:46:29,info,Parts,Getting partshttp://www.avto.bim.bg/Krepej-za-shtekata-na-predniq-kapak-za-kvadratna-dupka-1br-za-ALFA-ROMEO-145-ot-1995-do-1998_p53321m1.html
2016-02-13 13:46:30,info,Parts,Getting partshttp://www.avto.bim.bg/Krepej-za-shtekata-na-predniq-kapak-za-pravougulna-dupka-1br-za-ALFA-ROMEO-145-ot-1995-do-1998_p53319m1.html
2016-02-13 13:46:32,info,Parts,Getting partshttp://www.avto.bim.bg/Krepeji-za-broni-universalni-10br-za-ALFA-ROMEO-145-ot-1995-do-1998_p52913m1.html
2016-02-13 13:46:32,info,Parts,Getting partshttp://www.avto.bim.bg/Krepeji-za-broni-laisni-FIAT-10-broia-za-ALFA-ROMEO-145-ot-1995-do-1998_p30216m1.html
2016-02-13 13:46:33,info,Parts,Getting partshttp://www.avto.bim.bg/Krepeji-za-zadna-bronq-vunshni-10br-za-ALFA-ROMEO-145-ot-1995-do-1998_p39554m1.html
2016-02-13 13:46:35,info,Parts,Getting partshttp://www.avto.bim.bg/Krepeji-za-nadlujni-reiki-10br-za-ALFA-ROMEO-145-ot-1995-do-1998_p45002m1.html
2016-02-13 13:46:35,info,Parts,Getting partshttp://www.avto.bim.bg/Krepeji-za-stelki-2br-za-ALFA-ROMEO-145-ot-1995-do-1998_p55030m1.html
2016-02-13 13:46:36,info,Parts,Getting partshttp://www.avto.bim.bg/Krepeji-za-farove-lqv=desen-1br-za-ALFA-ROMEO-145-ot-1995-do-1998_p53317m1.html
2016-02-13 13:46:37,info,Parts,Getting partshttp://www.avto.bim.bg/Krepeji-planki-za-broni-kori-i-podkalnici-10br-za-ALFA-ROMEO-145-ot-1995-do-1998_p55574m1.html
2016-02-13 13:46:38,info,Parts,Getting partshttp://www.avto.bim.bg/Krepeji-universalni-10br-za-ALFA-ROMEO-145-ot-1995-do-1998_p39857m1.html
2016-02-13 13:46:39,info,Parts,Getting partshttp://www.avto.bim.bg/Laistna-za-ruba-na-zadniq-kapak-Chast-za-zapitvane-za-ALFA-ROMEO-145-ot-1995-do-1998_p52612m1.html
2016-02-13 13:46:40,info,Parts,Getting partshttp://www.avto.bim.bg/Laistni-za-pragove-dve-chasti-za-ALFA-ROMEO-145-ot-1995-do-1998_p52613m1.html
2016-02-13 13:46:41,info,Parts,Getting partshttp://www.avto.bim.bg/Maslen-filtyr-M20X15-za-ALFA-ROMEO-145-ot-1995-do-1998_p57172m1.html
2016-02-13 13:46:41,info,Parts,Getting partshttp://www.avto.bim.bg/Migach-v-kalnika-desen-jult-za-ALFA-ROMEO-145-ot-1995-do-1998_p19m1.html
2016-02-13 13:46:43,info,Parts,Getting partshttp://www.avto.bim.bg/Migach-v-kalnina-lqv-desen-kristalen-komplekt-za-ALFA-ROMEO-145-ot-1995-do-1998_p46414m1.html
2016-02-13 13:46:44,info,Parts,Getting partshttp://www.avto.bim.bg/Migach-v-kalnika-lqv-jult-za-ALFA-ROMEO-145-ot-1995-do-1998_p20m1.html
2016-02-13 13:46:45,info,Parts,Getting partshttp://www.avto.bim.bg/Migach-desen-bql-za-ALFA-ROMEO-145-ot-1995-do-1998_p18m1.html
2016-02-13 13:46:46,info,Parts,Getting partshttp://www.avto.bim.bg/Migach-lqv-bql-za-ALFA-ROMEO-145-ot-1995-do-1998_p17m1.html
2016-02-13 13:46:47,info,Parts,Getting partshttp://www.avto.bim.bg/Ogledalo-dqsno-elcherno-s-nagrevatel-sus-sinio-stuklo-za-ALFA-ROMEO-145-ot-1995-do-1998_p8m1.html
2016-02-13 13:46:48,info,Parts,Getting partshttp://www.avto.bim.bg/Ogledalo-dqsno-s-jilo-cherno-sus-sinio-stuklo-za-ALFA-ROMEO-145-ot-1995-do-1998_p10m1.html
2016-02-13 13:46:49,info,Parts,Getting partshttp://www.avto.bim.bg/Ogledalo-za-zadno-vijdane-za-ALFA-ROMEO-145-ot-1995-do-1998_p59553m1.html
2016-02-13 13:46:50,info,Parts,Getting partshttp://www.avto.bim.bg/Ogledalo-za-zadno-vijdane-za-ALFA-ROMEO-145-ot-1995-do-1998_p59554m1.html
2016-02-13 13:46:50,info,Parts,Getting partshttp://www.avto.bim.bg/Ogledalo-za-zadno-vijdane-Gothic-za-ALFA-ROMEO-145-ot-1995-do-1998_p59551m1.html
2016-02-13 13:46:51,info,Parts,Getting partshttp://www.avto.bim.bg/Ogledalo-za-zadno-vijdane-JUMBO-VIEW-za-ALFA-ROMEO-145-ot-1995-do-1998_p59552m1.html
2016-02-13 13:46:53,info,Parts,Getting partshttp://www.avto.bim.bg/Ogledalo-interiorno-za-zadno-vijdane-2-IN-1-MAGNETIC-za-ALFA-ROMEO-145-ot-1995-do-1998_p59560m1.html
2016-02-13 13:46:54,info,Parts,Getting partshttp://www.avto.bim.bg/Ogledalo-interiorno-za-zadno-vijdane-CHILD-VIEW-ON-BOARD-za-ALFA-ROMEO-145-ot-1995-do-1998_p59558m1.html
2016-02-13 13:46:55,info,Parts,Getting partshttp://www.avto.bim.bg/Ogledalo-interiorno-za-zadno-vijdane-CHILD-VIEW-ON-BOARD-10X5cm-za-ALFA-ROMEO-145-ot-1995-do-1998_p59559m1.html
2016-02-13 13:46:56,info,Parts,Getting partshttp://www.avto.bim.bg/Ogledalo-lqvo-elcherno-s-nagrevatel-sus-sinio-stuklo-za-ALFA-ROMEO-145-ot-1995-do-1998_p9m1.html
2016-02-13 13:46:58,info,Parts,Getting partshttp://www.avto.bim.bg/Ogledalo-lqvo-s-jilo-cherno-sus-sinio-stuklo-za-ALFA-ROMEO-145-ot-1995-do-1998_p11m1.html
2016-02-13 13:46:58,info,Service,Closed WcfParts 
2016-02-13 13:46:59,info,Parts,Getting partshttp://www.avto.bim.bg/Panel-preden-goren-za-ALFA-ROMEO-145-ot-1995-do-1998_p14m1.html
2016-02-13 13:47:01,info,Parts,Getting partshttp://www.avto.bim.bg/Panel-preden-goren-s-osnovi-farove-za-ALFA-ROMEO-145-ot-1995-do-1998_p13m1.html
2016-02-13 13:47:02,info,Parts,Getting partshttp://www.avto.bim.bg/Pistov-remuk-6-rebra-Dayco-MT-20-za-ALFA-ROMEO-145-ot-1995-do-1998_p55437m1.html
2016-02-13 13:47:02,info,Parts,Getting partshttp://www.avto.bim.bg/Plafoni-za-osvetlenie-na-registracionen-nomer-UNIVERSALNI-2br-za-ALFA-ROMEO-145-ot-1995-do-1998_p54907m1.html
2016-02-13 13:47:32,info,Service,Starting Service
2016-02-13 13:47:32,info,Service,Updater started
2016-02-13 13:47:32,info,Service,Trying to start WCF
2016-02-13 13:47:32,info,Service,WCF Service starting
2016-02-13 13:47:32,info,Service,WCF Service started
2016-02-13 13:47:32,info,Service,Updater start
2016-02-13 13:47:32,info,Service,Finished starting parts info 
2016-02-13 13:47:32,info,Service,Part info working
2016-02-13 13:47:32,info,Service,Crawler started
2016-02-13 13:47:32,info,Service,Part info trying to start
2016-02-13 13:47:32,info,Service,Crawler starting
2016-02-13 13:47:32,info,Parts,Part Crawler class created
2016-02-13 13:47:33,info,Parts,Getting partshttp://www.avto.bim.bg/Stop-vunshen-desen-za-ALFA-ROMEO-147-ot-2000-do-2005_p106m5.html
2016-02-13 13:48:33,info,Parts,Getting partshttp://www.avto.bim.bg/Stop-vunshen-lqv-za-ALFA-ROMEO-147-ot-2000-do-2005_p107m5.html
2016-02-13 13:48:34,info,Parts,Getting partshttp://www.avto.bim.bg/Stuklo-za-ogledalo-dqsno-izpuknalo-bez-osnova-za-ALFA-ROMEO-147-ot-2000-do-2005_p38450m5.html
2016-02-13 13:48:34,info,Parts,Getting partshttp://www.avto.bim.bg/Stuklo-za-ogledalo-dqsno-izpuknalo-s-podgrev-za-ALFA-ROMEO-147-ot-2000-do-2005_p36051m5.html
2016-02-13 13:48:35,info,Parts,Getting partshttp://www.avto.bim.bg/Stuklo-za-ogledalo-lqvo-asferichno-bez-osnova-za-ALFA-ROMEO-147-ot-2000-do-2005_p38448m5.html
2016-02-13 13:48:35,info,Parts,Getting partshttp://www.avto.bim.bg/Stuklo-za-ogledalo-lqvo-asferichno-s-podgrev-za-ALFA-ROMEO-147-ot-2000-do-2005_p28757m5.html
2016-02-13 13:48:36,info,Parts,Getting partshttp://www.avto.bim.bg/Stuklo-za-ogledalo-lqvo-izpuknalo-s-podgrev-za-ALFA-ROMEO-147-ot-2000-do-2005_p38979m5.html
2016-02-13 13:48:37,info,Parts,Getting partshttp://www.avto.bim.bg/Stuklo-za-ogledalo-lqvo-plosko-bez-osnova-za-ALFA-ROMEO-147-ot-2000-do-2005_p38449m5.html
2016-02-13 13:48:37,info,Parts,Getting partshttp://www.avto.bim.bg/Treti-stop-hrom-osnova-za-ALFA-ROMEO-147-ot-2000-do-2005_p59182m5.html
2016-02-13 13:48:38,info,Parts,Getting partshttp://www.avto.bim.bg/Troinik-s-vuzvraten-klapan-1br-za-ALFA-ROMEO-147-ot-2000-do-2005_p51325m5.html
2016-02-13 13:48:39,info,Parts,Getting partshttp://www.avto.bim.bg/Tuning-stopove-hrom-komplekt-lqv-i-desen-za-ALFA-ROMEO-147-ot-2000-do-2005_p12584m5.html
2016-02-13 13:48:40,info,Parts,Getting partshttp://www.avto.bim.bg/UDAREN-TAMPON-GURNE--za-ALFA-ROMEO-147-ot-2000-do-2005_p60514m5.html
2016-02-13 13:48:43,info,Parts,Getting partshttp://www.avto.bim.bg/Universalna-kapachka-za-rezervoar-za-ALFA-ROMEO-147-ot-2000-do-2005_p58867m5.html
2016-02-13 13:48:44,info,Parts,Getting partshttp://www.avto.bim.bg/Universalni-krepeji-10br-za-ALFA-ROMEO-147-ot-2000-do-2005_p53324m5.html
2016-02-13 13:48:45,info,Parts,Getting partshttp://www.avto.bim.bg/Universalni-krepeji-za-vratite-10br-za-ALFA-ROMEO-147-ot-2000-do-2005_p53306m5.html
2016-02-13 13:48:46,info,Parts,Getting partshttp://www.avto.bim.bg/Universalni-krepeji-za-interior-10br-za-ALFA-ROMEO-147-ot-2000-do-2005_p58485m5.html
2016-02-13 13:48:46,info,Parts,Getting partshttp://www.avto.bim.bg/Univrsalni-krepeji-za-stelki-12-chasti-za-ALFA-ROMEO-147-ot-2000-do-2005_p47028m5.html
2016-02-13 13:48:47,info,Parts,Getting partshttp://www.avto.bim.bg/Univrsalni-krepeji-za-stelki-8-chasti-za-ALFA-ROMEO-147-ot-2000-do-2005_p53164m5.html
2016-02-13 13:48:48,info,Parts,Getting partshttp://www.avto.bim.bg/Universalni-krepeji-za-stelki-krugli-12-chasti-Bejovi-za-ALFA-ROMEO-147-ot-2000-do-2005_p52882m5.html
2016-02-13 13:48:48,info,Parts,Getting partshttp://www.avto.bim.bg/Universalni-krepeji-za-stelki-krugli-12-chasti-Sivi-za-ALFA-ROMEO-147-ot-2000-do-2005_p53007m5.html
2016-02-13 13:48:49,info,Parts,Getting partshttp://www.avto.bim.bg/Universalni-krepeji-za-stelki-ovalni-dupki-8-chasti-za-ALFA-ROMEO-147-ot-2000-do-2005_p47029m5.html
2016-02-13 13:48:49,info,Parts,Getting partshttp://www.avto.bim.bg/Universalni-krepeji-za-stelki-ovalni-dupki-8-chasti-Bejovi-za-ALFA-ROMEO-147-ot-2000-do-2005_p52883m5.html
2016-02-13 13:48:50,info,Parts,Getting partshttp://www.avto.bim.bg/Universalni-krepeji-za-stelki-ovalni-dupki-8-chasti-Sivi-za-ALFA-ROMEO-147-ot-2000-do-2005_p53008m5.html
2016-02-13 13:48:50,info,Parts,Getting partshttp://www.avto.bim.bg/Universalni-krepeji-sivi-10br-za-ALFA-ROMEO-147-ot-2000-do-2005_p53340m5.html
2016-02-13 13:48:51,info,Parts,Getting partshttp://www.avto.bim.bg/Universalni-krepeji-sivi-10br-za-ALFA-ROMEO-147-ot-2000-do-2005_p53293m5.html
2016-02-13 13:48:52,info,Parts,Getting partshttp://www.avto.bim.bg/Universalni-krepeji-cherni-10br-za-ALFA-ROMEO-147-ot-2000-do-2005_p53292m5.html
2016-02-13 13:48:52,info,Parts,Getting partshttp://www.avto.bim.bg/Universalni-krepeji-cherni-10br-za-ALFA-ROMEO-147-ot-2000-do-2005_p53298m5.html
2016-02-13 13:48:53,info,Parts,Getting partshttp://www.avto.bim.bg/Universalni-krepeji-nitove-10br-za-ALFA-ROMEO-147-ot-2000-do-2005_p48158m5.html
2016-02-13 13:48:54,info,Parts,Getting partshttp://www.avto.bim.bg/Universalni-tapi-10br-za-ALFA-ROMEO-147-ot-2000-do-2005_p53333m5.html
2016-02-13 13:48:55,info,Parts,Getting partshttp://www.avto.bim.bg/Universalni-tapi-10br-za-ALFA-ROMEO-147-ot-2000-do-2005_p53331m5.html
2016-02-13 13:48:55,info,Parts,Getting partshttp://www.avto.bim.bg/Universalni-tapi-10br-za-ALFA-ROMEO-147-ot-2000-do-2005_p53329m5.html
2016-02-13 13:48:56,info,Parts,Getting partshttp://www.avto.bim.bg/Universalni-tapi-10br-za-ALFA-ROMEO-147-ot-2000-do-2005_p53335m5.html
2016-02-13 13:48:56,info,Parts,Getting partshttp://www.avto.bim.bg/Universalni-tapi-10br-za-ALFA-ROMEO-147-ot-2000-do-2005_p53332m5.html
2016-02-13 13:48:57,info,Parts,Getting partshttp://www.avto.bim.bg/Universalni-tapi-10br-za-ALFA-ROMEO-147-ot-2000-do-2005_p53325m5.html
2016-02-13 13:48:58,info,Parts,Getting partshttp://www.avto.bim.bg/Far-desen-H1-H7-H7-el-za-ALFA-ROMEO-147-ot-2000-do-2005_p108m5.html
2016-02-13 13:48:58,info,Parts,Getting partshttp://www.avto.bim.bg/Far-desen-Xenon-Marelli-za-ALFA-ROMEO-147-ot-2000-do-2005_p38294m5.html
2016-02-13 13:48:59,info,Parts,Getting partshttp://www.avto.bim.bg/Far-desen-el-Marelli-za-ALFA-ROMEO-147-ot-2000-do-2005_p38290m5.html
2016-02-13 13:48:59,info,Parts,Getting partshttp://www.avto.bim.bg/Far-desen-elcheren-GTA-za-ALFA-ROMEO-147-ot-2000-do-2005_p38286m5.html
2016-02-13 13:49:00,info,Parts,Getting partshttp://www.avto.bim.bg/Far-lqv-H1-H7-H7-el-za-ALFA-ROMEO-147-ot-2000-do-2005_p109m5.html
2016-02-13 13:49:01,info,Parts,Getting partshttp://www.avto.bim.bg/Far-lqv-Xenon-Marelli-za-ALFA-ROMEO-147-ot-2000-do-2005_p38295m5.html
2016-02-13 13:49:01,info,Parts,Getting partshttp://www.avto.bim.bg/Far-lqv-el-Marelli-za-ALFA-ROMEO-147-ot-2000-do-2005_p38291m5.html
2016-02-13 13:49:02,info,Parts,Getting partshttp://www.avto.bim.bg/Far-lqv-elcheren-GTA-za-ALFA-ROMEO-147-ot-2000-do-2005_p38287m5.html
2016-02-13 13:49:03,info,Parts,Getting partshttp://www.avto.bim.bg/Fasunga-BA9s-za-ALFA-ROMEO-147-ot-2000-do-2005_p54884m5.html
2016-02-13 13:49:04,info,Parts,Getting partshttp://www.avto.bim.bg/Fasunga-P21W-za-ALFA-ROMEO-147-ot-2000-do-2005_p54913m5.html
2016-02-13 13:49:05,info,Parts,Getting partshttp://www.avto.bim.bg/Fasunga-P21W-5W-metalna-za-ALFA-ROMEO-147-ot-2000-do-2005_p54914m5.html
2016-02-13 13:49:06,info,Parts,Getting partshttp://www.avto.bim.bg/Fasunga-P21W-5W-plastmasova-za-ALFA-ROMEO-147-ot-2000-do-2005_p54915m5.html
2016-02-13 13:49:06,info,Parts,Getting partshttp://www.avto.bim.bg/Fasunga-W5W-plastmasova-za-ALFA-ROMEO-147-ot-2000-do-2005_p59299m5.html
2016-02-13 13:49:07,info,Parts,Getting partshttp://www.avto.bim.bg/Fasunga-za-migach-lqv=desen-biala-i-oranjeva-za-ALFA-ROMEO-147-ot-2000-do-2005_p55495m5.html
2016-02-13 13:49:08,info,Parts,Getting partshttp://www.avto.bim.bg/Chistachki-BOSCH-550-400-mm-za-ALFA-ROMEO-147-ot-2000-do-2005_p51519m5.html
2016-02-13 13:49:09,info,Parts,Getting partshttp://www.avto.bim.bg/Shtipki-za-stranichni-kori-za-vratite-za-ALFA-ROMEO-147-ot-2000-do-2005_p41948m5.html
2016-02-13 13:49:10,info,Parts,Getting partshttp://www.avto.bim.bg/Shtipki-za-stranichni-kori-za-vratite-za-ALFA-ROMEO-147-ot-2000-do-2005_p41949m5.html
2016-02-13 13:49:11,info,Parts,Getting partshttp://www.avto.bim.bg/Shtipki-universalni-25br-za-ALFA-ROMEO-147-ot-2000-do-2005_p39567m5.html
2016-02-13 13:49:12,info,Parts,Getting partshttp://www.avto.bim.bg/KN-Sporten-filtur-za-ALFA-ROMEO-147-ot-2000-do-2005_p30596m5.html
2016-02-13 13:49:12,info,Parts,Getting partshttp://www.avto.bim.bg/Amortisior-za-ALFA-ROMEO-147-ot-2000-do-2005_p25872m5.html
2016-02-13 13:49:13,info,Parts,Getting partshttp://www.avto.bim.bg/Amortisior-COFAP-za-ALFA-ROMEO-147-ot-2000-do-2005_p25881m5.html
2016-02-13 13:49:14,info,Parts,Getting partshttp://www.avto.bim.bg/Amortisior-FLENNOR-za-ALFA-ROMEO-147-ot-2000-do-2005_p25882m5.html
2016-02-13 13:49:14,info,Parts,Getting partshttp://www.avto.bim.bg/Amortisior-ITN-za-ALFA-ROMEO-147-ot-2000-do-2005_p25874m5.html
2016-02-13 13:49:15,info,Parts,Getting partshttp://www.avto.bim.bg/Amortisior-Kayaba-za-ALFA-ROMEO-147-ot-2000-do-2005_p25873m5.html
2016-02-13 13:49:15,info,Parts,Getting partshttp://www.avto.bim.bg/Amortisior-LONGHO-LH-za-ALFA-ROMEO-147-ot-2000-do-2005_p25879m5.html
2016-02-13 13:49:16,info,Parts,Getting partshttp://www.avto.bim.bg/Amortisior-MANDO-za-ALFA-ROMEO-147-ot-2000-do-2005_p25876m5.html
2016-02-13 13:49:16,info,Parts,Getting partshttp://www.avto.bim.bg/Amortisior-MAPCO-za-ALFA-ROMEO-147-ot-2000-do-2005_p25880m5.html
2016-02-13 13:49:17,info,Parts,Getting partshttp://www.avto.bim.bg/Amortisior-OPTIMAL-za-ALFA-ROMEO-147-ot-2000-do-2005_p25883m5.html
2016-02-13 13:49:17,info,Parts,Getting partshttp://www.avto.bim.bg/Amortisior-SACHS-za-ALFA-ROMEO-147-ot-2000-do-2005_p25875m5.html
2016-02-13 13:49:18,info,Parts,Getting partshttp://www.avto.bim.bg/Amortisior-SANGSIN-za-ALFA-ROMEO-147-ot-2000-do-2005_p25877m5.html
2016-02-13 13:49:18,info,Parts,Getting partshttp://www.avto.bim.bg/Amortisior-TOKICO-za-ALFA-ROMEO-147-ot-2000-do-2005_p25878m5.html
2016-02-13 13:49:19,info,Parts,Getting partshttp://www.avto.bim.bg/Amortisior-WKTORY-za-ALFA-ROMEO-147-ot-2000-do-2005_p25884m5.html
2016-02-13 13:49:19,info,Parts,Getting partshttp://www.avto.bim.bg/Angrenajen-remuk-Dayco-za-ALFA-ROMEO-147-ot-2000-do-2005_p25061m5.html
2016-02-13 13:49:20,info,Parts,Getting partshttp://www.avto.bim.bg/Bobini-EPS-za-ALFA-ROMEO-147-ot-2000-do-2005_p26137m5.html
2016-02-13 13:49:20,info,Parts,Getting partshttp://www.avto.bim.bg/Vodna-pompa-DOLZ-za-ALFA-ROMEO-147-ot-2000-do-2005_p36684m5.html
2016-02-13 13:49:21,info,Parts,Getting partshttp://www.avto.bim.bg/Vodna-pompa-Metelli-za-ALFA-ROMEO-147-ot-2000-do-2005_p26245m5.html
2016-02-13 13:49:21,info,Parts,Getting partshttp://www.avto.bim.bg/Vodna-pompa-TRUCKTEC-za-ALFA-ROMEO-147-ot-2000-do-2005_p26244m5.html
2016-02-13 13:49:22,info,Parts,Getting partshttp://www.avto.bim.bg/Vuzdushen-Filtur-za-ALFA-ROMEO-147-ot-2000-do-2005_p25970m5.html
2016-02-13 13:49:22,info,Parts,Getting partshttp://www.avto.bim.bg/Vuzdushen-Filter-za-ALFA-ROMEO-147-ot-2000-do-2005_p26180m5.html
2016-02-13 13:49:23,info,Parts,Getting partshttp://www.avto.bim.bg/Garnitura-vodna-pompa-Trucktec-za-ALFA-ROMEO-147-ot-2000-do-2005_p26172m5.html
2016-02-13 13:49:23,info,Parts,Getting partshttp://www.avto.bim.bg/Garnitura-vsmukatelen-kolektor-Trucktec-za-ALFA-ROMEO-147-ot-2000-do-2005_p26173m5.html
2016-02-13 13:49:24,info,Parts,Getting partshttp://www.avto.bim.bg/Stop-vunshen-desen-za-ALFA-ROMEO-147-ot-2000-do-2005_p106m5.html
2016-02-13 13:49:24,info,Parts,Getting partshttp://www.avto.bim.bg/Stop-vunshen-lqv-za-ALFA-ROMEO-147-ot-2000-do-2005_p107m5.html
2016-02-13 13:49:25,info,Parts,Getting partshttp://www.avto.bim.bg/Stuklo-za-ogledalo-dqsno-izpuknalo-bez-osnova-za-ALFA-ROMEO-147-ot-2000-do-2005_p38450m5.html
2016-02-13 13:49:26,info,Parts,Getting partshttp://www.avto.bim.bg/Stuklo-za-ogledalo-dqsno-izpuknalo-s-podgrev-za-ALFA-ROMEO-147-ot-2000-do-2005_p36051m5.html
2016-02-13 13:49:27,info,Parts,Getting partshttp://www.avto.bim.bg/Stuklo-za-ogledalo-lqvo-asferichno-bez-osnova-za-ALFA-ROMEO-147-ot-2000-do-2005_p38448m5.html
2016-02-13 13:49:29,info,Parts,Getting partshttp://www.avto.bim.bg/Stuklo-za-ogledalo-lqvo-asferichno-s-podgrev-za-ALFA-ROMEO-147-ot-2000-do-2005_p28757m5.html
2016-02-13 13:49:30,info,Parts,Getting partshttp://www.avto.bim.bg/Stuklo-za-ogledalo-lqvo-izpuknalo-s-podgrev-za-ALFA-ROMEO-147-ot-2000-do-2005_p38979m5.html
2016-02-13 13:49:30,info,Parts,Getting partshttp://www.avto.bim.bg/Stuklo-za-ogledalo-lqvo-plosko-bez-osnova-za-ALFA-ROMEO-147-ot-2000-do-2005_p38449m5.html
2016-02-13 13:49:31,info,Parts,Getting partshttp://www.avto.bim.bg/Treti-stop-hrom-osnova-za-ALFA-ROMEO-147-ot-2000-do-2005_p59182m5.html
2016-02-13 13:49:32,info,Parts,Getting partshttp://www.avto.bim.bg/Troinik-s-vuzvraten-klapan-1br-za-ALFA-ROMEO-147-ot-2000-do-2005_p51325m5.html
2016-02-13 13:49:32,info,Parts,Getting partshttp://www.avto.bim.bg/Tuning-stopove-hrom-komplekt-lqv-i-desen-za-ALFA-ROMEO-147-ot-2000-do-2005_p12584m5.html
2016-02-13 13:49:33,info,Parts,Getting partshttp://www.avto.bim.bg/UDAREN-TAMPON-GURNE--za-ALFA-ROMEO-147-ot-2000-do-2005_p60514m5.html
2016-02-13 13:49:33,info,Parts,Getting partshttp://www.avto.bim.bg/Universalna-kapachka-za-rezervoar-za-ALFA-ROMEO-147-ot-2000-do-2005_p58867m5.html
2016-02-13 13:49:34,info,Parts,Getting partshttp://www.avto.bim.bg/Universalni-krepeji-10br-za-ALFA-ROMEO-147-ot-2000-do-2005_p53324m5.html
2016-02-13 13:49:34,info,Parts,Getting partshttp://www.avto.bim.bg/Universalni-krepeji-za-vratite-10br-za-ALFA-ROMEO-147-ot-2000-do-2005_p53306m5.html
2016-02-13 13:49:35,info,Parts,Getting partshttp://www.avto.bim.bg/Universalni-krepeji-za-interior-10br-za-ALFA-ROMEO-147-ot-2000-do-2005_p58485m5.html
2016-02-13 13:49:36,info,Parts,Getting partshttp://www.avto.bim.bg/Univrsalni-krepeji-za-stelki-12-chasti-za-ALFA-ROMEO-147-ot-2000-do-2005_p47028m5.html
2016-02-13 13:49:36,info,Parts,Getting partshttp://www.avto.bim.bg/Univrsalni-krepeji-za-stelki-8-chasti-za-ALFA-ROMEO-147-ot-2000-do-2005_p53164m5.html
2016-02-13 13:49:37,info,Parts,Getting partshttp://www.avto.bim.bg/Universalni-krepeji-za-stelki-krugli-12-chasti-Bejovi-za-ALFA-ROMEO-147-ot-2000-do-2005_p52882m5.html
2016-02-13 13:49:37,info,Parts,Getting partshttp://www.avto.bim.bg/Universalni-krepeji-za-stelki-krugli-12-chasti-Sivi-za-ALFA-ROMEO-147-ot-2000-do-2005_p53007m5.html
2016-02-13 13:49:38,info,Parts,Getting partshttp://www.avto.bim.bg/Universalni-krepeji-za-stelki-ovalni-dupki-8-chasti-za-ALFA-ROMEO-147-ot-2000-do-2005_p47029m5.html
2016-02-13 13:49:39,info,Parts,Getting partshttp://www.avto.bim.bg/Universalni-krepeji-za-stelki-ovalni-dupki-8-chasti-Bejovi-za-ALFA-ROMEO-147-ot-2000-do-2005_p52883m5.html
2016-02-13 13:49:39,info,Parts,Getting partshttp://www.avto.bim.bg/Universalni-krepeji-za-stelki-ovalni-dupki-8-chasti-Sivi-za-ALFA-ROMEO-147-ot-2000-do-2005_p53008m5.html
2016-02-13 13:49:40,info,Parts,Getting partshttp://www.avto.bim.bg/Universalni-krepeji-sivi-10br-za-ALFA-ROMEO-147-ot-2000-do-2005_p53340m5.html
2016-02-13 13:49:41,info,Parts,Getting partshttp://www.avto.bim.bg/Universalni-krepeji-sivi-10br-za-ALFA-ROMEO-147-ot-2000-do-2005_p53293m5.html
2016-02-13 13:49:42,info,Parts,Getting partshttp://www.avto.bim.bg/Universalni-krepeji-cherni-10br-za-ALFA-ROMEO-147-ot-2000-do-2005_p53292m5.html
2016-02-13 13:49:43,info,Parts,Getting partshttp://www.avto.bim.bg/Universalni-krepeji-cherni-10br-za-ALFA-ROMEO-147-ot-2000-do-2005_p53298m5.html
2016-02-13 13:49:44,info,Parts,Getting partshttp://www.avto.bim.bg/Universalni-krepeji-nitove-10br-za-ALFA-ROMEO-147-ot-2000-do-2005_p48158m5.html
2016-02-13 13:49:45,info,Parts,Getting partshttp://www.avto.bim.bg/Universalni-tapi-10br-za-ALFA-ROMEO-147-ot-2000-do-2005_p53333m5.html
2016-02-13 13:49:46,info,Parts,Getting partshttp://www.avto.bim.bg/Universalni-tapi-10br-za-ALFA-ROMEO-147-ot-2000-do-2005_p53331m5.html
2016-02-13 13:49:48,info,Parts,Getting partshttp://www.avto.bim.bg/Universalni-tapi-10br-za-ALFA-ROMEO-147-ot-2000-do-2005_p53329m5.html
2016-02-13 13:49:49,info,Parts,Getting partshttp://www.avto.bim.bg/Universalni-tapi-10br-za-ALFA-ROMEO-147-ot-2000-do-2005_p53335m5.html
2016-02-13 13:49:50,info,Parts,Getting partshttp://www.avto.bim.bg/Universalni-tapi-10br-za-ALFA-ROMEO-147-ot-2000-do-2005_p53332m5.html
2016-02-13 13:49:51,info,Parts,Getting partshttp://www.avto.bim.bg/Universalni-tapi-10br-za-ALFA-ROMEO-147-ot-2000-do-2005_p53325m5.html
2016-02-13 13:49:52,info,Parts,Getting partshttp://www.avto.bim.bg/Far-desen-H1-H7-H7-el-za-ALFA-ROMEO-147-ot-2000-do-2005_p108m5.html
2016-02-13 13:49:52,info,Parts,Getting partshttp://www.avto.bim.bg/Far-desen-Xenon-Marelli-za-ALFA-ROMEO-147-ot-2000-do-2005_p38294m5.html
2016-02-13 13:49:53,info,Parts,Getting partshttp://www.avto.bim.bg/Far-desen-el-Marelli-za-ALFA-ROMEO-147-ot-2000-do-2005_p38290m5.html
2016-02-13 13:49:54,info,Parts,Getting partshttp://www.avto.bim.bg/Far-desen-elcheren-GTA-za-ALFA-ROMEO-147-ot-2000-do-2005_p38286m5.html
2016-02-13 13:49:54,info,Parts,Getting partshttp://www.avto.bim.bg/Far-lqv-H1-H7-H7-el-za-ALFA-ROMEO-147-ot-2000-do-2005_p109m5.html
2016-02-13 13:49:55,info,Parts,Getting partshttp://www.avto.bim.bg/Far-lqv-Xenon-Marelli-za-ALFA-ROMEO-147-ot-2000-do-2005_p38295m5.html
2016-02-13 13:49:56,info,Parts,Getting partshttp://www.avto.bim.bg/Far-lqv-el-Marelli-za-ALFA-ROMEO-147-ot-2000-do-2005_p38291m5.html
2016-02-13 13:49:57,info,Parts,Getting partshttp://www.avto.bim.bg/Far-lqv-elcheren-GTA-za-ALFA-ROMEO-147-ot-2000-do-2005_p38287m5.html
2016-02-13 13:49:57,info,Parts,Getting partshttp://www.avto.bim.bg/Fasunga-BA9s-za-ALFA-ROMEO-147-ot-2000-do-2005_p54884m5.html
2016-02-13 13:49:58,info,Parts,Getting partshttp://www.avto.bim.bg/Fasunga-P21W-za-ALFA-ROMEO-147-ot-2000-do-2005_p54913m5.html
2016-02-13 13:49:59,info,Parts,Getting partshttp://www.avto.bim.bg/Fasunga-P21W-5W-metalna-za-ALFA-ROMEO-147-ot-2000-do-2005_p54914m5.html
2016-02-13 13:50:00,info,Parts,Getting partshttp://www.avto.bim.bg/Fasunga-P21W-5W-plastmasova-za-ALFA-ROMEO-147-ot-2000-do-2005_p54915m5.html
2016-02-13 13:50:00,info,Parts,Getting partshttp://www.avto.bim.bg/Fasunga-W5W-plastmasova-za-ALFA-ROMEO-147-ot-2000-do-2005_p59299m5.html
2016-02-13 13:50:01,info,Parts,Getting partshttp://www.avto.bim.bg/Fasunga-za-migach-lqv=desen-biala-i-oranjeva-za-ALFA-ROMEO-147-ot-2000-do-2005_p55495m5.html
2016-02-13 13:50:02,info,Parts,Getting partshttp://www.avto.bim.bg/Chistachki-BOSCH-550-400-mm-za-ALFA-ROMEO-147-ot-2000-do-2005_p51519m5.html
2016-02-13 13:50:03,info,Parts,Getting partshttp://www.avto.bim.bg/Shtipki-za-stranichni-kori-za-vratite-za-ALFA-ROMEO-147-ot-2000-do-2005_p41948m5.html
2016-02-13 13:50:04,info,Parts,Getting partshttp://www.avto.bim.bg/Shtipki-za-stranichni-kori-za-vratite-za-ALFA-ROMEO-147-ot-2000-do-2005_p41949m5.html
2016-02-13 13:50:04,info,Parts,Getting partshttp://www.avto.bim.bg/Shtipki-universalni-25br-za-ALFA-ROMEO-147-ot-2000-do-2005_p39567m5.html
2016-02-13 13:50:05,info,Parts,Getting partshttp://www.avto.bim.bg/KN-Sporten-filtur-za-ALFA-ROMEO-147-ot-2000-do-2005_p30596m5.html
2016-02-13 13:50:06,info,Parts,Getting partshttp://www.avto.bim.bg/Amortisior-za-ALFA-ROMEO-147-ot-2000-do-2005_p25872m5.html
2016-02-13 13:50:06,info,Parts,Getting partshttp://www.avto.bim.bg/Amortisior-COFAP-za-ALFA-ROMEO-147-ot-2000-do-2005_p25881m5.html
2016-02-13 13:50:07,info,Parts,Getting partshttp://www.avto.bim.bg/Amortisior-FLENNOR-za-ALFA-ROMEO-147-ot-2000-do-2005_p25882m5.html
2016-02-13 13:50:07,info,Parts,Getting partshttp://www.avto.bim.bg/Amortisior-ITN-za-ALFA-ROMEO-147-ot-2000-do-2005_p25874m5.html
2016-02-13 13:50:08,info,Parts,Getting partshttp://www.avto.bim.bg/Amortisior-Kayaba-za-ALFA-ROMEO-147-ot-2000-do-2005_p25873m5.html
2016-02-13 13:50:09,info,Parts,Getting partshttp://www.avto.bim.bg/Amortisior-LONGHO-LH-za-ALFA-ROMEO-147-ot-2000-do-2005_p25879m5.html
2016-02-13 13:50:09,info,Parts,Getting partshttp://www.avto.bim.bg/Amortisior-MANDO-za-ALFA-ROMEO-147-ot-2000-do-2005_p25876m5.html
2016-02-13 13:50:10,info,Parts,Getting partshttp://www.avto.bim.bg/Amortisior-MAPCO-za-ALFA-ROMEO-147-ot-2000-do-2005_p25880m5.html
2016-02-13 13:50:10,info,Parts,Getting partshttp://www.avto.bim.bg/Amortisior-OPTIMAL-za-ALFA-ROMEO-147-ot-2000-do-2005_p25883m5.html
2016-02-13 13:50:11,info,Parts,Getting partshttp://www.avto.bim.bg/Amortisior-SACHS-za-ALFA-ROMEO-147-ot-2000-do-2005_p25875m5.html
2016-02-13 13:50:11,info,Parts,Getting partshttp://www.avto.bim.bg/Amortisior-SANGSIN-za-ALFA-ROMEO-147-ot-2000-do-2005_p25877m5.html
2016-02-13 13:50:12,info,Parts,Getting partshttp://www.avto.bim.bg/Amortisior-TOKICO-za-ALFA-ROMEO-147-ot-2000-do-2005_p25878m5.html
2016-02-13 13:50:12,info,Parts,Getting partshttp://www.avto.bim.bg/Amortisior-WKTORY-za-ALFA-ROMEO-147-ot-2000-do-2005_p25884m5.html
2016-02-13 13:50:13,info,Parts,Getting partshttp://www.avto.bim.bg/Angrenajen-remuk-Dayco-za-ALFA-ROMEO-147-ot-2000-do-2005_p25061m5.html
2016-02-13 13:50:14,info,Parts,Getting partshttp://www.avto.bim.bg/Bobini-EPS-za-ALFA-ROMEO-147-ot-2000-do-2005_p26137m5.html
2016-02-13 13:50:15,info,Parts,Getting partshttp://www.avto.bim.bg/Vodna-pompa-DOLZ-za-ALFA-ROMEO-147-ot-2000-do-2005_p36684m5.html
2016-02-13 13:50:15,info,Parts,Getting partshttp://www.avto.bim.bg/Vodna-pompa-Metelli-za-ALFA-ROMEO-147-ot-2000-do-2005_p26245m5.html
2016-02-13 13:50:16,info,Parts,Getting partshttp://www.avto.bim.bg/Vodna-pompa-TRUCKTEC-za-ALFA-ROMEO-147-ot-2000-do-2005_p26244m5.html
2016-02-13 13:50:16,info,Parts,Getting partshttp://www.avto.bim.bg/Vuzdushen-Filtur-za-ALFA-ROMEO-147-ot-2000-do-2005_p25970m5.html
2016-02-13 17:52:36,info,Service,Starting Service
2016-02-13 17:52:37,info,Service,Updater start
2016-02-13 17:52:37,info,Service,Updater started
2016-02-13 17:52:37,info,Service,Trying to start WCF
2016-02-13 17:52:37,info,Service,WCF Service started
2016-02-13 17:52:37,info,Service,WCF Service starting
2016-02-13 17:52:37,info,Service,Finished starting parts info 
2016-02-13 17:52:37,info,Service,Crawler started
2016-02-13 17:52:37,info,Service,Part info trying to start
2016-02-13 17:52:37,info,Service,Part info working
2016-02-13 17:52:37,info,Parts,Part Crawler class created
2016-02-13 17:52:37,info,Service,Crawler starting
2016-02-13 17:52:47,info,Parts,Getting partshttp://www.avto.bim.bg/Stop-vunshen-desen-za-ALFA-ROMEO-147-ot-2000-do-2005_p106m5.html
2016-02-13 17:53:55,info,Service,Starting Service
2016-02-13 17:53:55,info,Service,Updater start
2016-02-13 17:53:55,info,Service,Updater started
2016-02-13 17:53:55,info,Service,Trying to start WCF
2016-02-13 17:53:55,info,Service,WCF Service started
2016-02-13 17:53:55,info,Service,WCF Service starting
2016-02-13 17:53:55,info,Service,Finished starting parts info 
2016-02-13 17:53:55,info,Service,Part info working
2016-02-13 17:53:55,info,Service,Crawler started
2016-02-13 17:53:55,info,Service,Part info trying to start
2016-02-13 17:53:55,info,Service,Crawler starting
2016-02-13 17:53:55,info,Parts,Part Crawler class created
2016-02-13 17:54:01,info,Parts,Getting partshttp://www.avto.bim.bg/Stop-vunshen-desen-za-ALFA-ROMEO-147-ot-2000-do-2005_p106m5.html
2016-02-13 17:55:02,info,Service,Starting Service
2016-02-13 17:55:02,info,Service,Updater start
2016-02-13 17:55:02,info,Service,Updater started
2016-02-13 17:55:02,info,Service,Trying to start WCF
2016-02-13 17:55:02,info,Service,WCF Service starting
2016-02-13 17:55:02,info,Service,WCF Service started
2016-02-13 17:55:02,info,Service,Finished starting parts info 
2016-02-13 17:55:02,info,Service,Part info working
2016-02-13 17:55:02,info,Service,Crawler started
2016-02-13 17:55:02,info,Parts,Part Crawler class created
2016-02-13 17:55:02,info,Service,Part info trying to start
2016-02-13 17:55:02,info,Service,Crawler starting
2016-02-13 17:57:07,info,Service,Starting Service
2016-02-13 17:57:07,info,Service,Updater start
2016-02-13 17:57:07,info,Service,Updater started
2016-02-13 17:57:07,info,Service,Trying to start WCF
2016-02-13 17:57:07,info,Service,WCF Service started
2016-02-13 17:57:07,info,Service,WCF Service starting
2016-02-13 17:57:07,info,Service,Part info working
2016-02-13 17:57:07,info,Parts,Part Crawler class created
2016-02-13 17:57:07,info,Service,Finished starting parts info 
2016-02-13 17:57:07,info,Service,Crawler started
2016-02-13 17:57:07,info,Service,Part info trying to start
2016-02-13 17:57:07,info,Service,Crawler starting
2016-02-13 17:57:11,info,Parts,Getting partshttp://www.avto.bim.bg/Stop-vunshen-desen-za-ALFA-ROMEO-147-ot-2000-do-2005_p106m5.html
2016-02-13 18:01:35,info,Service,Starting Service
2016-02-13 18:01:35,info,Service,Updater start
2016-02-13 18:01:35,info,Service,Updater started
2016-02-13 18:01:35,info,Service,Trying to start WCF
2016-02-13 18:01:35,info,Service,WCF Service started
2016-02-13 18:01:36,info,Service,Finished starting parts info 
2016-02-13 18:01:36,info,Service,WCF Service starting
2016-02-13 18:01:36,info,Service,Part info working
2016-02-13 18:01:36,info,Parts,Part Crawler class created
2016-02-13 18:01:36,info,Service,Crawler started
2016-02-13 18:01:36,info,Service,Part info trying to start
2016-02-13 18:01:36,info,Service,Crawler starting
2016-02-13 18:01:42,info,Parts,Getting partshttp://www.avto.bim.bg/Stop-vunshen-desen-za-ALFA-ROMEO-147-ot-2000-do-2005_p106m5.html
2016-02-13 18:02:10,info,Service,Starting Service
2016-02-13 18:02:10,info,Service,Updater started
2016-02-13 18:02:10,info,Service,Trying to start WCF
2016-02-13 18:02:10,info,Service,Updater start
2016-02-13 18:02:10,info,Service,WCF Service started
2016-02-13 18:02:10,info,Service,WCF Service starting
2016-02-13 18:02:10,info,Service,Finished starting parts info 
2016-02-13 18:02:10,info,Service,Crawler started
2016-02-13 18:02:10,info,Service,Part info trying to start
2016-02-13 18:02:10,info,Service,Crawler starting
2016-02-13 18:02:10,info,Service,Part info working
2016-02-13 18:02:10,info,Parts,Part Crawler class created
2016-02-13 18:02:16,info,Parts,Getting partshttp://www.avto.bim.bg/Stop-vunshen-desen-za-ALFA-ROMEO-147-ot-2000-do-2005_p106m5.html
2016-02-13 18:05:21,info,Service,Starting Service
2016-02-13 18:05:21,info,Service,Updater started
2016-02-13 18:05:21,info,Service,Trying to start WCF
2016-02-13 18:05:21,info,Service,Updater start
2016-02-13 18:05:21,info,Service,WCF Service started
2016-02-13 18:05:21,info,Service,Finished starting parts info 
2016-02-13 18:05:21,info,Service,WCF Service starting
2016-02-13 18:05:21,info,Service,Crawler started
2016-02-13 18:05:21,info,Service,Part info trying to start
2016-02-13 18:05:21,info,Service,Part info working
2016-02-13 18:05:21,info,Service,Crawler starting
2016-02-13 18:05:21,info,Parts,Part Crawler class created
2016-02-13 18:05:28,info,Parts,Getting partshttp://www.avto.bim.bg/Stop-vunshen-desen-za-ALFA-ROMEO-147-ot-2000-do-2005_p106m5.html
2016-02-13 18:06:41,info,Service,Starting Service
2016-02-13 18:06:41,info,Service,Updater started
2016-02-13 18:06:41,info,Service,Trying to start WCF
2016-02-13 18:06:41,info,Service,WCF Service started
2016-02-13 18:06:41,info,Service,Updater start
2016-02-13 18:06:41,info,Service,Finished starting parts info 
2016-02-13 18:06:41,info,Service,WCF Service starting
2016-02-13 18:06:41,info,Service,Part info working
2016-02-13 18:06:41,info,Service,Crawler started
2016-02-13 18:06:41,info,Service,Part info trying to start
2016-02-13 18:06:41,info,Service,Crawler starting
2016-02-13 18:06:41,info,Parts,Part Crawler class created
2016-02-13 18:06:48,info,Parts,Getting partshttp://www.avto.bim.bg/Stop-vunshen-desen-za-ALFA-ROMEO-147-ot-2000-do-2005_p106m5.html
2016-02-13 18:07:45,info,Service,Starting Service
2016-02-13 18:07:45,info,Service,Updater started
2016-02-13 18:07:45,info,Service,Trying to start WCF
2016-02-13 18:07:45,info,Service,WCF Service started
2016-02-13 18:07:45,info,Service,WCF Service starting
2016-02-13 18:07:45,info,Service,Updater start
2016-02-13 18:07:45,info,Service,Finished starting parts info 
2016-02-13 18:07:45,info,Service,Crawler started
2016-02-13 18:07:45,info,Service,Part info trying to start
2016-02-13 18:07:45,info,Service,Part info working
2016-02-13 18:07:45,info,Service,Crawler starting
2016-02-13 18:07:45,info,Parts,Part Crawler class created
2016-02-13 18:07:49,info,Parts,Getting partshttp://www.avto.bim.bg/Stop-vunshen-desen-za-ALFA-ROMEO-147-ot-2000-do-2005_p106m5.html
2016-02-13 18:08:41,info,Service,Starting Service
2016-02-13 18:08:41,info,Service,Updater started
2016-02-13 18:08:41,info,Service,Trying to start WCF
2016-02-13 18:08:41,info,Service,WCF Service started
2016-02-13 18:08:41,info,Service,WCF Service starting
2016-02-13 18:08:41,info,Service,Finished starting parts info 
2016-02-13 18:08:41,info,Service,Part info working
2016-02-13 18:08:41,info,Service,Crawler started
2016-02-13 18:08:41,info,Service,Part info trying to start
2016-02-13 18:08:41,info,Service,Updater start
2016-02-13 18:08:41,info,Service,Crawler starting
2016-02-13 18:08:41,info,Parts,Part Crawler class created
2016-02-13 18:08:47,info,Parts,Getting partshttp://www.avto.bim.bg/Stop-vunshen-desen-za-ALFA-ROMEO-147-ot-2000-do-2005_p106m5.html
2016-02-13 18:09:57,info,Service,Starting Service
2016-02-13 18:09:57,info,Service,Updater started
2016-02-13 18:09:57,info,Service,Trying to start WCF
2016-02-13 18:09:57,info,Service,WCF Service started
2016-02-13 18:09:57,info,Service,Updater start
2016-02-13 18:09:57,info,Service,WCF Service starting
2016-02-13 18:09:57,info,Service,Finished starting parts info 
2016-02-13 18:09:57,info,Service,Crawler started
2016-02-13 18:09:57,info,Service,Part info trying to start
2016-02-13 18:09:57,info,Service,Part info working
2016-02-13 18:09:57,info,Service,Crawler starting
2016-02-13 18:09:57,info,Parts,Part Crawler class created
2016-02-13 18:10:01,info,Parts,Getting partshttp://www.avto.bim.bg/Stop-vunshen-desen-za-ALFA-ROMEO-147-ot-2000-do-2005_p106m5.html
2016-02-13 18:30:58,info,Service,Starting Service
2016-02-13 18:30:58,info,Service,Updater start
2016-02-13 18:30:58,info,Service,Updater started
2016-02-13 18:30:58,info,Service,Trying to start WCF
2016-02-13 18:30:58,info,Service,WCF Service started
2016-02-13 18:30:58,info,Service,WCF Service starting
2016-02-13 18:30:58,info,Service,Part info working
2016-02-13 18:30:58,info,Service,Finished starting parts info 
2016-02-13 18:30:58,info,Parts,Part Crawler class created
2016-02-13 18:30:58,info,Service,Crawler started
2016-02-13 18:30:58,info,Service,Part info trying to start
2016-02-13 18:30:58,info,Service,Crawler starting
2016-02-13 18:30:58,info,Parts,Getting partshttp://www.avto.bim.bg/Stop-vunshen-desen-za-ALFA-ROMEO-147-ot-2000-do-2005_p106m5.html
2016-02-13 18:31:01,info,Parts,Getting partshttp://www.avto.bim.bg/Stop-vunshen-lqv-za-ALFA-ROMEO-147-ot-2000-do-2005_p107m5.html
2016-02-13 18:31:03,info,Parts,Getting partshttp://www.avto.bim.bg/Stuklo-za-ogledalo-dqsno-izpuknalo-bez-osnova-za-ALFA-ROMEO-147-ot-2000-do-2005_p38450m5.html
2016-02-13 18:31:05,info,Parts,Getting partshttp://www.avto.bim.bg/Stuklo-za-ogledalo-dqsno-izpuknalo-s-podgrev-za-ALFA-ROMEO-147-ot-2000-do-2005_p36051m5.html
2016-02-13 18:31:05,info,Parts,Getting partshttp://www.avto.bim.bg/Stuklo-za-ogledalo-lqvo-asferichno-bez-osnova-za-ALFA-ROMEO-147-ot-2000-do-2005_p38448m5.html
2016-02-13 18:31:07,info,Parts,Getting partshttp://www.avto.bim.bg/Stuklo-za-ogledalo-lqvo-asferichno-s-podgrev-za-ALFA-ROMEO-147-ot-2000-do-2005_p28757m5.html
2016-02-13 18:31:08,info,Parts,Getting partshttp://www.avto.bim.bg/Stuklo-za-ogledalo-lqvo-izpuknalo-s-podgrev-za-ALFA-ROMEO-147-ot-2000-do-2005_p38979m5.html
2016-02-13 18:31:09,info,Parts,Getting partshttp://www.avto.bim.bg/Stuklo-za-ogledalo-lqvo-plosko-bez-osnova-za-ALFA-ROMEO-147-ot-2000-do-2005_p38449m5.html
2016-02-13 18:31:10,info,Parts,Getting partshttp://www.avto.bim.bg/Treti-stop-hrom-osnova-za-ALFA-ROMEO-147-ot-2000-do-2005_p59182m5.html
2016-02-13 18:31:11,info,Parts,Getting partshttp://www.avto.bim.bg/Troinik-s-vuzvraten-klapan-1br-za-ALFA-ROMEO-147-ot-2000-do-2005_p51325m5.html
2016-02-13 18:31:12,info,Parts,Getting partshttp://www.avto.bim.bg/Tuning-stopove-hrom-komplekt-lqv-i-desen-za-ALFA-ROMEO-147-ot-2000-do-2005_p12584m5.html
2016-02-13 18:31:13,info,Parts,Getting partshttp://www.avto.bim.bg/UDAREN-TAMPON-GURNE--za-ALFA-ROMEO-147-ot-2000-do-2005_p60514m5.html
2016-02-13 18:31:16,info,Parts,Getting partshttp://www.avto.bim.bg/Universalna-kapachka-za-rezervoar-za-ALFA-ROMEO-147-ot-2000-do-2005_p58867m5.html
2016-02-13 18:31:17,info,Parts,Getting partshttp://www.avto.bim.bg/Universalni-krepeji-10br-za-ALFA-ROMEO-147-ot-2000-do-2005_p53324m5.html
2016-02-13 18:31:18,info,Parts,Getting partshttp://www.avto.bim.bg/Universalni-krepeji-za-vratite-10br-za-ALFA-ROMEO-147-ot-2000-do-2005_p53306m5.html
2016-02-13 18:31:19,info,Parts,Getting partshttp://www.avto.bim.bg/Universalni-krepeji-za-interior-10br-za-ALFA-ROMEO-147-ot-2000-do-2005_p58485m5.html
2016-02-13 18:31:21,info,Parts,Getting partshttp://www.avto.bim.bg/Univrsalni-krepeji-za-stelki-12-chasti-za-ALFA-ROMEO-147-ot-2000-do-2005_p47028m5.html
2016-02-13 18:31:24,info,Parts,Getting partshttp://www.avto.bim.bg/Univrsalni-krepeji-za-stelki-8-chasti-za-ALFA-ROMEO-147-ot-2000-do-2005_p53164m5.html
2016-02-13 18:31:24,info,Parts,Getting partshttp://www.avto.bim.bg/Universalni-krepeji-za-stelki-krugli-12-chasti-Bejovi-za-ALFA-ROMEO-147-ot-2000-do-2005_p52882m5.html
2016-02-13 18:31:25,info,Parts,Getting partshttp://www.avto.bim.bg/Universalni-krepeji-za-stelki-krugli-12-chasti-Sivi-za-ALFA-ROMEO-147-ot-2000-do-2005_p53007m5.html
2016-02-13 18:31:26,info,Parts,Getting partshttp://www.avto.bim.bg/Universalni-krepeji-za-stelki-ovalni-dupki-8-chasti-za-ALFA-ROMEO-147-ot-2000-do-2005_p47029m5.html
2016-02-13 18:31:26,info,Parts,Getting partshttp://www.avto.bim.bg/Universalni-krepeji-za-stelki-ovalni-dupki-8-chasti-Bejovi-za-ALFA-ROMEO-147-ot-2000-do-2005_p52883m5.html
2016-02-13 18:31:27,info,Parts,Getting partshttp://www.avto.bim.bg/Universalni-krepeji-za-stelki-ovalni-dupki-8-chasti-Sivi-za-ALFA-ROMEO-147-ot-2000-do-2005_p53008m5.html
2016-02-13 18:31:28,info,Parts,Getting partshttp://www.avto.bim.bg/Universalni-krepeji-sivi-10br-za-ALFA-ROMEO-147-ot-2000-do-2005_p53340m5.html
2016-02-13 18:31:29,info,Parts,Getting partshttp://www.avto.bim.bg/Universalni-krepeji-sivi-10br-za-ALFA-ROMEO-147-ot-2000-do-2005_p53293m5.html
2016-02-13 18:31:30,info,Parts,Getting partshttp://www.avto.bim.bg/Universalni-krepeji-cherni-10br-za-ALFA-ROMEO-147-ot-2000-do-2005_p53292m5.html
2016-02-13 18:31:31,info,Parts,Getting partshttp://www.avto.bim.bg/Universalni-krepeji-cherni-10br-za-ALFA-ROMEO-147-ot-2000-do-2005_p53298m5.html
2016-02-13 18:31:33,info,Parts,Getting partshttp://www.avto.bim.bg/Universalni-krepeji-nitove-10br-za-ALFA-ROMEO-147-ot-2000-do-2005_p48158m5.html
2016-02-13 18:31:34,info,Parts,Getting partshttp://www.avto.bim.bg/Universalni-tapi-10br-za-ALFA-ROMEO-147-ot-2000-do-2005_p53333m5.html
2016-02-13 18:31:35,info,Parts,Getting partshttp://www.avto.bim.bg/Universalni-tapi-10br-za-ALFA-ROMEO-147-ot-2000-do-2005_p53331m5.html
2016-02-13 18:31:36,info,Parts,Getting partshttp://www.avto.bim.bg/Universalni-tapi-10br-za-ALFA-ROMEO-147-ot-2000-do-2005_p53329m5.html
2016-02-13 18:31:38,info,Parts,Getting partshttp://www.avto.bim.bg/Universalni-tapi-10br-za-ALFA-ROMEO-147-ot-2000-do-2005_p53335m5.html
2016-02-13 18:31:39,info,Parts,Getting partshttp://www.avto.bim.bg/Universalni-tapi-10br-za-ALFA-ROMEO-147-ot-2000-do-2005_p53332m5.html
2016-02-13 18:31:40,info,Parts,Getting partshttp://www.avto.bim.bg/Universalni-tapi-10br-za-ALFA-ROMEO-147-ot-2000-do-2005_p53325m5.html
2016-02-13 18:31:42,info,Parts,Getting partshttp://www.avto.bim.bg/Far-desen-H1-H7-H7-el-za-ALFA-ROMEO-147-ot-2000-do-2005_p108m5.html
2016-02-13 18:31:43,info,Parts,Getting partshttp://www.avto.bim.bg/Far-desen-Xenon-Marelli-za-ALFA-ROMEO-147-ot-2000-do-2005_p38294m5.html
2016-02-13 18:31:45,info,Parts,Getting partshttp://www.avto.bim.bg/Far-desen-el-Marelli-za-ALFA-ROMEO-147-ot-2000-do-2005_p38290m5.html
2016-02-13 18:31:46,info,Parts,Getting partshttp://www.avto.bim.bg/Far-desen-elcheren-GTA-za-ALFA-ROMEO-147-ot-2000-do-2005_p38286m5.html
2016-02-13 18:31:48,info,Parts,Getting partshttp://www.avto.bim.bg/Far-lqv-H1-H7-H7-el-za-ALFA-ROMEO-147-ot-2000-do-2005_p109m5.html
2016-02-13 18:31:49,info,Parts,Getting partshttp://www.avto.bim.bg/Far-lqv-Xenon-Marelli-za-ALFA-ROMEO-147-ot-2000-do-2005_p38295m5.html
2016-02-13 18:31:50,info,Parts,Getting partshttp://www.avto.bim.bg/Far-lqv-el-Marelli-za-ALFA-ROMEO-147-ot-2000-do-2005_p38291m5.html
2016-02-13 18:31:51,info,Parts,Getting partshttp://www.avto.bim.bg/Far-lqv-elcheren-GTA-za-ALFA-ROMEO-147-ot-2000-do-2005_p38287m5.html
2016-02-13 18:31:53,info,Parts,Getting partshttp://www.avto.bim.bg/Fasunga-BA9s-za-ALFA-ROMEO-147-ot-2000-do-2005_p54884m5.html
2016-02-13 18:31:54,info,Parts,Getting partshttp://www.avto.bim.bg/Fasunga-P21W-za-ALFA-ROMEO-147-ot-2000-do-2005_p54913m5.html
2016-02-13 18:31:56,info,Parts,Getting partshttp://www.avto.bim.bg/Fasunga-P21W-5W-metalna-za-ALFA-ROMEO-147-ot-2000-do-2005_p54914m5.html
2016-02-13 18:31:58,info,Parts,Getting partshttp://www.avto.bim.bg/Fasunga-P21W-5W-plastmasova-za-ALFA-ROMEO-147-ot-2000-do-2005_p54915m5.html
2016-02-13 18:31:59,info,Parts,Getting partshttp://www.avto.bim.bg/Fasunga-W5W-plastmasova-za-ALFA-ROMEO-147-ot-2000-do-2005_p59299m5.html
2016-02-13 18:32:01,info,Parts,Getting partshttp://www.avto.bim.bg/Fasunga-za-migach-lqv=desen-biala-i-oranjeva-za-ALFA-ROMEO-147-ot-2000-do-2005_p55495m5.html
2016-02-13 18:32:03,info,Parts,Getting partshttp://www.avto.bim.bg/Chistachki-BOSCH-550-400-mm-za-ALFA-ROMEO-147-ot-2000-do-2005_p51519m5.html
2016-02-13 18:32:04,info,Parts,Getting partshttp://www.avto.bim.bg/Shtipki-za-stranichni-kori-za-vratite-za-ALFA-ROMEO-147-ot-2000-do-2005_p41948m5.html
2016-02-13 18:32:05,info,Parts,Getting partshttp://www.avto.bim.bg/Shtipki-za-stranichni-kori-za-vratite-za-ALFA-ROMEO-147-ot-2000-do-2005_p41949m5.html
2016-02-13 18:32:06,info,Parts,Getting partshttp://www.avto.bim.bg/Shtipki-universalni-25br-za-ALFA-ROMEO-147-ot-2000-do-2005_p39567m5.html
2016-02-13 18:32:09,info,Parts,Getting partshttp://www.avto.bim.bg/KN-Sporten-filtur-za-ALFA-ROMEO-147-ot-2000-do-2005_p30596m5.html
2016-02-13 18:32:10,info,Parts,Getting partshttp://www.avto.bim.bg/Amortisior-za-ALFA-ROMEO-147-ot-2000-do-2005_p25872m5.html
2016-02-13 18:32:11,info,Parts,Getting partshttp://www.avto.bim.bg/Amortisior-COFAP-za-ALFA-ROMEO-147-ot-2000-do-2005_p25881m5.html
2016-02-13 18:32:12,info,Parts,Getting partshttp://www.avto.bim.bg/Amortisior-FLENNOR-za-ALFA-ROMEO-147-ot-2000-do-2005_p25882m5.html
2016-02-13 18:32:13,info,Parts,Getting partshttp://www.avto.bim.bg/Amortisior-ITN-za-ALFA-ROMEO-147-ot-2000-do-2005_p25874m5.html
2016-02-13 18:32:14,info,Parts,Getting partshttp://www.avto.bim.bg/Amortisior-Kayaba-za-ALFA-ROMEO-147-ot-2000-do-2005_p25873m5.html
2016-02-13 18:32:15,info,Parts,Getting partshttp://www.avto.bim.bg/Amortisior-LONGHO-LH-za-ALFA-ROMEO-147-ot-2000-do-2005_p25879m5.html
2016-02-13 18:32:16,info,Parts,Getting partshttp://www.avto.bim.bg/Amortisior-MANDO-za-ALFA-ROMEO-147-ot-2000-do-2005_p25876m5.html
2016-02-13 18:32:17,info,Parts,Getting partshttp://www.avto.bim.bg/Amortisior-MAPCO-za-ALFA-ROMEO-147-ot-2000-do-2005_p25880m5.html
2016-02-13 18:32:18,info,Parts,Getting partshttp://www.avto.bim.bg/Amortisior-OPTIMAL-za-ALFA-ROMEO-147-ot-2000-do-2005_p25883m5.html
2016-02-13 18:32:19,info,Parts,Getting partshttp://www.avto.bim.bg/Amortisior-SACHS-za-ALFA-ROMEO-147-ot-2000-do-2005_p25875m5.html
2016-02-13 18:32:20,info,Parts,Getting partshttp://www.avto.bim.bg/Amortisior-SANGSIN-za-ALFA-ROMEO-147-ot-2000-do-2005_p25877m5.html
2016-02-13 18:32:20,info,Parts,Getting partshttp://www.avto.bim.bg/Amortisior-TOKICO-za-ALFA-ROMEO-147-ot-2000-do-2005_p25878m5.html
2016-02-13 18:32:21,info,Parts,Getting partshttp://www.avto.bim.bg/Amortisior-WKTORY-za-ALFA-ROMEO-147-ot-2000-do-2005_p25884m5.html
2016-02-13 18:32:22,info,Parts,Getting partshttp://www.avto.bim.bg/Angrenajen-remuk-Dayco-za-ALFA-ROMEO-147-ot-2000-do-2005_p25061m5.html
2016-02-13 18:32:23,info,Parts,Getting partshttp://www.avto.bim.bg/Bobini-EPS-za-ALFA-ROMEO-147-ot-2000-do-2005_p26137m5.html
2016-02-13 18:32:24,info,Parts,Getting partshttp://www.avto.bim.bg/Vodna-pompa-DOLZ-za-ALFA-ROMEO-147-ot-2000-do-2005_p36684m5.html
2016-02-13 18:32:24,info,Parts,Getting partshttp://www.avto.bim.bg/Vodna-pompa-Metelli-za-ALFA-ROMEO-147-ot-2000-do-2005_p26245m5.html
2016-02-13 18:32:25,info,Parts,Getting partshttp://www.avto.bim.bg/Vodna-pompa-TRUCKTEC-za-ALFA-ROMEO-147-ot-2000-do-2005_p26244m5.html
2016-02-13 18:32:27,info,Parts,Getting partshttp://www.avto.bim.bg/Vuzdushen-Filtur-za-ALFA-ROMEO-147-ot-2000-do-2005_p25970m5.html
2016-02-13 18:32:28,info,Parts,Getting partshttp://www.avto.bim.bg/Vuzdushen-Filter-za-ALFA-ROMEO-147-ot-2000-do-2005_p26180m5.html
2016-02-13 18:32:29,info,Parts,Getting partshttp://www.avto.bim.bg/Garnitura-vodna-pompa-Trucktec-za-ALFA-ROMEO-147-ot-2000-do-2005_p26172m5.html
2016-02-13 18:32:30,info,Parts,Getting partshttp://www.avto.bim.bg/Garnitura-vsmukatelen-kolektor-Trucktec-za-ALFA-ROMEO-147-ot-2000-do-2005_p26173m5.html
2016-02-13 18:32:31,info,Parts,Getting partshttp://www.avto.bim.bg/Amortisior-za-bagajnik-lqv=desen-za-ALFA-ROMEO-145-ot-1995-do-1998_p49556m1.html
2016-02-13 18:32:33,info,Parts,Getting partshttp://www.avto.bim.bg/Amortisior-za-bagajnik-lqv=desen-za-ALFA-ROMEO-145-ot-1995-do-1998_p49560m1.html
2016-02-13 18:32:34,info,Parts,Getting partshttp://www.avto.bim.bg/Bronq-zadna-originalna-za-ALFA-ROMEO-145-ot-1995-do-1998_p3m1.html
2016-02-13 18:32:35,info,Parts,Getting partshttp://www.avto.bim.bg/Bronq-predna-grund-s-dupki-za-halogeni-za-ALFA-ROMEO-145-ot-1995-do-1998_p2m1.html
2016-02-13 18:32:36,info,Parts,Getting partshttp://www.avto.bim.bg/Bronq-predna-s-dupki-za-halogeni-za-ALFA-ROMEO-145-ot-1995-do-1998_p1m1.html
2016-02-13 18:32:37,info,Parts,Getting partshttp://www.avto.bim.bg/Voden-radiator-BN1722FT-razmer-560-375-32-za-ALFA-ROMEO-145-ot-1995-do-1998_p31031m1.html
2016-02-13 18:32:39,info,Parts,Getting partshttp://www.avto.bim.bg/Voden-radiator-BN1750AF-razmer-560-380-33-za-ALFA-ROMEO-145-ot-1995-do-1998_p31059m1.html
2016-02-13 18:32:40,info,Parts,Getting partshttp://www.avto.bim.bg/Voden-radiator-BN1751AF-razmer-545-380-33-za-ALFA-ROMEO-145-ot-1995-do-1998_p31060m1.html
2016-02-13 18:32:41,info,Parts,Getting partshttp://www.avto.bim.bg/Voden-radiator-BN1753AF-razmer-545-360-22-za-ALFA-ROMEO-145-ot-1995-do-1998_p31062m1.html
2016-02-13 18:32:41,info,Parts,Getting partshttp://www.avto.bim.bg/Voden-radiator-BN1760AF-razmer-555-365-24-za-ALFA-ROMEO-145-ot-1995-do-1998_p31069m1.html
2016-02-13 18:32:42,info,Parts,Getting partshttp://www.avto.bim.bg/Voden-radiator-BN1761AF-razmer-545-360-34-za-ALFA-ROMEO-145-ot-1995-do-1998_p31070m1.html
2016-02-13 18:32:44,info,Parts,Getting partshttp://www.avto.bim.bg/Vuzdushen-filter-Filtron-za-ALFA-ROMEO-145-ot-1995-do-1998_p54189m1.html
2016-02-13 18:32:45,info,Parts,Getting partshttp://www.avto.bim.bg/Gaiki-universalni-25br-za-ALFA-ROMEO-145-ot-1995-do-1998_p44923m1.html
2016-02-13 18:32:47,info,Parts,Getting partshttp://www.avto.bim.bg/Goriven-filtur-za-ALFA-ROMEO-145-ot-1995-do-1998_p43888m1.html
2016-02-13 18:32:48,info,Parts,Getting partshttp://www.avto.bim.bg/Goriven-filtur-za-ALFA-ROMEO-145-ot-1995-do-1998_p60864m1.html
2016-02-13 18:32:49,info,Parts,Getting partshttp://www.avto.bim.bg/Goriven-filtur-Filtron-za-ALFA-ROMEO-145-ot-1995-do-1998_p45736m1.html
2016-02-13 18:32:50,info,Parts,Getting partshttp://www.avto.bim.bg/Goriven-filtur-Filtron-za-ALFA-ROMEO-145-ot-1995-do-1998_p46641m1.html
2016-02-13 18:32:51,info,Parts,Getting partshttp://www.avto.bim.bg/Gofrirana-truba-za-sporten-filtur-30sm-90sm-za-ALFA-ROMEO-145-ot-1995-do-1998_p43033m1.html
2016-02-13 18:32:52,info,Parts,Getting partshttp://www.avto.bim.bg/Gumen-tampon-za-omeknali-prujini-universalen-za-ALFA-ROMEO-145-ot-1995-do-1998_p54919m1.html
2016-02-13 18:32:52,info,Parts,Getting partshttp://www.avto.bim.bg/Gumichki-za-klapani-VICTOR-REINZ-za-ALFA-ROMEO-145-ot-1995-do-1998_p48136m1.html
2016-02-13 18:32:53,info,Parts,Getting partshttp://www.avto.bim.bg/Datchik-za-radiator-TS1110-za-ALFA-ROMEO-145-ot-1995-do-1998_p58200m1.html
2016-02-13 18:32:54,info,Parts,Getting partshttp://www.avto.bim.bg/Datchik-kolqnov-val-EPS-za-ALFA-ROMEO-145-ot-1995-do-1998_p55147m1.html
2016-02-13 18:32:55,info,Parts,Getting partshttp://www.avto.bim.bg/Kalnik-preden-desen-s-dupka-za-ALFA-ROMEO-145-ot-1995-do-1998_p5m1.html
2016-02-13 18:32:56,info,Parts,Getting partshttp://www.avto.bim.bg/Kalnik-preden-lqv-s-dupka-za-ALFA-ROMEO-145-ot-1995-do-1998_p6m1.html
2016-02-13 18:32:57,info,Parts,Getting partshttp://www.avto.bim.bg/Kapak-preden-za-ALFA-ROMEO-145-ot-1995-do-1998_p7m1.html
2016-02-13 18:32:58,info,Parts,Getting partshttp://www.avto.bim.bg/Kapachka-za-razshiritelen-sud-za-ALFA-ROMEO-145-ot-1995-do-1998_p42753m1.html
2016-02-13 18:32:59,info,Parts,Getting partshttp://www.avto.bim.bg/Kapachka-za-razshiritelen-sud-universalna-14bar-20psi-za-ALFA-ROMEO-145-ot-1995-do-1998_p43022m1.html
2016-02-13 18:33:00,info,Parts,Getting partshttp://www.avto.bim.bg/Kapachka-za-rezervoar-s-kliuchove-ot-1995-do-1998-za-ALFA-ROMEO-145-ot-1995-do-1998_p53041m1.html
2016-02-13 18:33:02,info,Parts,Getting partshttp://www.avto.bim.bg/Klimatichen-radiator-BN7379FT-razmer-480-350-24-za-ALFA-ROMEO-145-ot-1995-do-1998_p32651m1.html
2016-02-13 18:33:03,info,Parts,Getting partshttp://www.avto.bim.bg/Klimatichen-radiator-BN7380AF-razmer-545-350-23-za-ALFA-ROMEO-145-ot-1995-do-1998_p32652m1.html
2016-02-13 18:33:06,info,Parts,Getting partshttp://www.avto.bim.bg/Konektor-za-trubi-10X10X10-MM-za-ALFA-ROMEO-145-ot-1995-do-1998_p55636m1.html
2016-02-13 18:33:07,info,Parts,Getting partshttp://www.avto.bim.bg/Konektor-za-trubi-10X10X10X10-MM-za-ALFA-ROMEO-145-ot-1995-do-1998_p55637m1.html
2016-02-13 18:33:09,info,Parts,Getting partshttp://www.avto.bim.bg/Konektor-za-trubi-10X10X14-MM-za-ALFA-ROMEO-145-ot-1995-do-1998_p55635m1.html
2016-02-13 18:33:10,info,Parts,Getting partshttp://www.avto.bim.bg/Konektor-za-trubi-10x14x10mm-za-ALFA-ROMEO-145-ot-1995-do-1998_p53304m1.html
2016-02-13 18:33:10,info,Parts,Getting partshttp://www.avto.bim.bg/Konektor-za-trubi-10x16x10mm-za-ALFA-ROMEO-145-ot-1995-do-1998_p53334m1.html
2016-02-13 18:33:12,info,Parts,Getting partshttp://www.avto.bim.bg/Konektor-za-trubi-12x16x12mm-za-ALFA-ROMEO-145-ot-1995-do-1998_p53338m1.html
2016-02-13 18:33:13,info,Parts,Getting partshttp://www.avto.bim.bg/Konektor-za-trubi-12x6x12mm-za-ALFA-ROMEO-145-ot-1995-do-1998_p53337m1.html
2016-02-13 18:33:15,info,Parts,Getting partshttp://www.avto.bim.bg/Konektor-za-trubi-12x8x12mm-za-ALFA-ROMEO-145-ot-1995-do-1998_p53416m1.html
2016-02-13 18:33:16,info,Parts,Getting partshttp://www.avto.bim.bg/Konektor-za-trubi-14x10x14mm-za-ALFA-ROMEO-145-ot-1995-do-1998_p53339m1.html
2016-02-13 18:33:17,info,Parts,Getting partshttp://www.avto.bim.bg/Konektor-za-trubi-14X14X14-MM-za-ALFA-ROMEO-145-ot-1995-do-1998_p55638m1.html
2016-02-13 18:33:18,info,Parts,Getting partshttp://www.avto.bim.bg/Konektor-za-trubi-14x16x14mm-za-ALFA-ROMEO-145-ot-1995-do-1998_p53301m1.html
2016-02-13 18:33:20,info,Parts,Getting partshttp://www.avto.bim.bg/Konektor-za-trubi-14x8x14mm-za-ALFA-ROMEO-145-ot-1995-do-1998_p53305m1.html
2016-02-13 18:33:21,info,Parts,Getting partshttp://www.avto.bim.bg/Konektor-za-trubi-16x10x16mm-za-ALFA-ROMEO-145-ot-1995-do-1998_p53302m1.html
2016-02-13 18:33:22,info,Parts,Getting partshttp://www.avto.bim.bg/Konektor-za-trubi-16x10mm-za-ALFA-ROMEO-145-ot-1995-do-1998_p53303m1.html
2016-02-13 18:33:23,info,Parts,Getting partshttp://www.avto.bim.bg/Konektor-za-trubi-16x16mm-za-ALFA-ROMEO-145-ot-1995-do-1998_p55031m1.html
2016-02-13 18:33:24,info,Parts,Getting partshttp://www.avto.bim.bg/Konektor-za-trubi-16X16X16X16-MM-za-ALFA-ROMEO-145-ot-1995-do-1998_p55622m1.html
2016-02-13 18:33:26,info,Parts,Getting partshttp://www.avto.bim.bg/Konektor-za-trubi-18x16mm-za-ALFA-ROMEO-145-ot-1995-do-1998_p53294m1.html
2016-02-13 18:33:27,info,Parts,Getting partshttp://www.avto.bim.bg/Konektor-za-trubi-20x16mm-za-ALFA-ROMEO-145-ot-1995-do-1998_p53295m1.html
2016-02-13 18:33:28,info,Parts,Getting partshttp://www.avto.bim.bg/Konektor-za-trubi-20x20x20mm-za-ALFA-ROMEO-145-ot-1995-do-1998_p54556m1.html
2016-02-13 18:33:30,info,Parts,Getting partshttp://www.avto.bim.bg/Konektor-za-trubi-22x18mm-za-ALFA-ROMEO-145-ot-1995-do-1998_p53296m1.html
2016-02-13 18:33:33,info,Parts,Getting partshttp://www.avto.bim.bg/Konektor-za-trubi-22x20mm-za-ALFA-ROMEO-145-ot-1995-do-1998_p53297m1.html
2016-02-13 18:33:34,info,Parts,Getting partshttp://www.avto.bim.bg/Konektor-za-trubi-25x18mm-za-ALFA-ROMEO-145-ot-1995-do-1998_p53300m1.html
2016-02-13 18:33:37,info,Parts,Getting partshttp://www.avto.bim.bg/Konektor-za-trubi-5X5X5X5-MM-za-ALFA-ROMEO-145-ot-1995-do-1998_p55632m1.html
2016-02-13 18:33:39,info,Parts,Getting partshttp://www.avto.bim.bg/Konektor-za-trubi-6x12x6mm-za-ALFA-ROMEO-145-ot-1995-do-1998_p53336m1.html
2016-02-13 18:33:40,info,Parts,Getting partshttp://www.avto.bim.bg/Konektor-za-trubi-6X6X10-MM-za-ALFA-ROMEO-145-ot-1995-do-1998_p55625m1.html
2016-02-13 18:33:42,info,Parts,Getting partshttp://www.avto.bim.bg/Konektor-za-trubi-6X6X12-MM-za-ALFA-ROMEO-145-ot-1995-do-1998_p55626m1.html
2016-02-13 18:33:43,info,Parts,Getting partshttp://www.avto.bim.bg/Konektor-za-trubi-6X6X6X6-MM-za-ALFA-ROMEO-145-ot-1995-do-1998_p55631m1.html
2016-02-13 18:33:44,info,Parts,Getting partshttp://www.avto.bim.bg/Konektor-za-trubi-6x6x6mm-za-ALFA-ROMEO-145-ot-1995-do-1998_p54555m1.html
2016-02-13 18:33:45,info,Parts,Getting partshttp://www.avto.bim.bg/Konektor-za-trubi-6X6X8-MM-za-ALFA-ROMEO-145-ot-1995-do-1998_p55634m1.html
2016-02-13 18:33:46,info,Parts,Getting partshttp://www.avto.bim.bg/Konektor-za-trubi-6x6mm-za-ALFA-ROMEO-145-ot-1995-do-1998_p54557m1.html
2016-02-13 18:33:47,info,Parts,Getting partshttp://www.avto.bim.bg/Konektor-za-trubi-6x8x6mm-za-ALFA-ROMEO-145-ot-1995-do-1998_p53417m1.html
2016-02-13 18:33:49,info,Parts,Getting partshttp://www.avto.bim.bg/Konektor-za-trubi-8x16x8mm-za-ALFA-ROMEO-145-ot-1995-do-1998_p53299m1.html
2016-02-13 18:33:50,info,Parts,Getting partshttp://www.avto.bim.bg/Konektor-za-trubi-8X8X10-MM-za-ALFA-ROMEO-145-ot-1995-do-1998_p55629m1.html
